SF:e:\NashTech Training\Rookie-Assignment1\Apis\Program.cs
FN:10,System.Void Program::<Main>$(System.String[])
FNDA:0,System.Void Program::<Main>$(System.String[])
DA:11,0
DA:13,0
DA:16,0
DA:17,0
DA:18,0
DA:19,0
DA:20,0
DA:21,0
DA:22,0
DA:23,0
DA:24,0
DA:25,0
DA:26,0
DA:27,0
DA:28,0
DA:30,0
DA:31,0
DA:32,0
DA:34,0
DA:35,0
DA:36,0
DA:37,0
DA:39,0
DA:40,0
DA:41,0
DA:42,0
DA:43,0
DA:44,0
DA:45,0
DA:46,0
DA:47,0
DA:48,0
DA:49,0
DA:50,0
DA:51,0
DA:52,0
DA:53,0
DA:54,0
DA:55,0
DA:56,0
DA:57,0
DA:58,0
DA:60,0
DA:62,0
DA:64,0
DA:65,0
DA:66,0
DA:67,0
DA:68,0
DA:69,0
DA:70,0
DA:71,0
DA:72,0
DA:73,0
DA:74,0
DA:75,0
DA:76,0
DA:77,0
DA:78,0
DA:79,0
DA:80,0
DA:81,0
DA:82,0
DA:84,0
DA:86,0
DA:87,0
DA:88,0
DA:91,0
DA:92,0
DA:94,0
DA:97,0
DA:98,0
DA:99,0
DA:100,0
DA:101,0
DA:103,0
DA:105,0
DA:107,0
DA:109,0
DA:111,0
DA:113,0
BRDA:97,415,0,0
BRDA:97,415,1,0
BRDA:31,23,0,0
BRDA:31,23,1,0
LF:81
LH:0
BRF:4
BRH:0
FNF:1
FNH:0
end_of_record
SF:e:\NashTech Training\Rookie-Assignment1\Apis\Repository\CategoryRepository.cs
FN:21,System.Void Apis.Repository.CategoryRepository::Create(Apis.Models.Category)
FNDA:0,System.Void Apis.Repository.CategoryRepository::Create(Apis.Models.Category)
DA:22,0
DA:23,0
DA:24,0
BRDA:23,13,0,0
BRDA:23,13,1,0
FN:31,System.Void Apis.Repository.CategoryRepository::Update(Apis.Models.Category)
FNDA:0,System.Void Apis.Repository.CategoryRepository::Update(Apis.Models.Category)
DA:32,0
DA:33,0
DA:34,0
FN:47,System.Boolean Apis.Repository.CategoryRepository::IsExisted(System.Int32)
FNDA:0,System.Boolean Apis.Repository.CategoryRepository::IsExisted(System.Int32)
DA:48,0
DA:49,0
DA:50,0
FN:54,System.Void Apis.Repository.CategoryRepository::Dispose(System.Boolean)
FNDA:0,System.Void Apis.Repository.CategoryRepository::Dispose(System.Boolean)
DA:55,0
DA:56,0
DA:57,0
DA:58,0
DA:59,0
DA:60,0
DA:61,0
DA:62,0
DA:63,0
DA:64,0
BRDA:56,12,0,0
BRDA:58,18,0,0
BRDA:58,18,1,0
BRDA:56,12,1,0
FN:66,System.Void Apis.Repository.CategoryRepository::Dispose()
FNDA:0,System.Void Apis.Repository.CategoryRepository::Dispose()
DA:67,0
DA:68,0
DA:69,0
DA:70,0
FN:10,System.Void Apis.Repository.CategoryRepository::.ctor(Apis.Data.BookStoreContext)
FNDA:0,System.Void Apis.Repository.CategoryRepository::.ctor(Apis.Data.BookStoreContext)
DA:11,0
DA:12,0
DA:13,0
DA:14,0
DA:52,0
FN:36,System.Void Apis.Repository.CategoryRepository/<Delete>d__6::MoveNext()
FNDA:0,System.Void Apis.Repository.CategoryRepository/<Delete>d__6::MoveNext()
DA:37,0
DA:38,0
DA:39,0
DA:40,0
FN:26,System.Void Apis.Repository.CategoryRepository/<Get>d__4::MoveNext()
FNDA:0,System.Void Apis.Repository.CategoryRepository/<Get>d__4::MoveNext()
DA:27,0
DA:28,0
DA:29,0
FN:16,System.Void Apis.Repository.CategoryRepository/<GetAll>d__2::MoveNext()
FNDA:0,System.Void Apis.Repository.CategoryRepository/<GetAll>d__2::MoveNext()
DA:17,0
DA:18,0
DA:19,0
FN:42,System.Void Apis.Repository.CategoryRepository/<SaveAsync>d__7::MoveNext()
FNDA:0,System.Void Apis.Repository.CategoryRepository/<SaveAsync>d__7::MoveNext()
DA:43,0
DA:44,0
DA:45,0
LF:41
LH:0
BRF:6
BRH:0
FNF:10
FNH:0
end_of_record
SF:e:\NashTech Training\Rookie-Assignment1\Apis\Repository\ProductRepository.cs
FN:14,System.Collections.Generic.IEnumerable`1<Apis.Models.Product> Apis.Repository.ProductRepository::GetProducts(Apis.Models.ProductParameters)
FNDA:0,System.Collections.Generic.IEnumerable`1<Apis.Models.Product> Apis.Repository.ProductRepository::GetProducts(Apis.Models.ProductParameters)
DA:15,0
DA:16,0
DA:17,0
DA:18,0
DA:19,0
DA:20,0
DA:21,0
FN:9,System.Void Apis.Repository.ProductRepository::.ctor(Apis.Data.BookStoreContext)
FNDA:0,System.Void Apis.Repository.ProductRepository::.ctor(Apis.Data.BookStoreContext)
DA:10,0
DA:11,0
DA:12,0
LF:10
LH:0
BRF:0
BRH:0
FNF:2
FNH:0
end_of_record
SF:e:\NashTech Training\Rookie-Assignment1\Apis\Repository\RepositoryBase.cs
FN:9,Apis.Data.BookStoreContext Apis.Repository.RepositoryBase`1::get__context()
FNDA:0,Apis.Data.BookStoreContext Apis.Repository.RepositoryBase`1::get__context()
DA:10,0
FN:15,System.Linq.IQueryable`1<T> Apis.Repository.RepositoryBase`1::FindAll()
FNDA:0,System.Linq.IQueryable`1<T> Apis.Repository.RepositoryBase`1::FindAll()
DA:16,0
FN:17,System.Linq.IQueryable`1<T> Apis.Repository.RepositoryBase`1::FindByCondition(System.Linq.Expressions.Expression`1<System.Func`2<T,System.Boolean>>)
FNDA:0,System.Linq.IQueryable`1<T> Apis.Repository.RepositoryBase`1::FindByCondition(System.Linq.Expressions.Expression`1<System.Func`2<T,System.Boolean>>)
DA:18,0
FN:18,System.Void Apis.Repository.RepositoryBase`1::Create(T)
FNDA:0,System.Void Apis.Repository.RepositoryBase`1::Create(T)
DA:19,0
FN:19,System.Void Apis.Repository.RepositoryBase`1::Update(T)
FNDA:0,System.Void Apis.Repository.RepositoryBase`1::Update(T)
DA:20,0
FN:20,System.Void Apis.Repository.RepositoryBase`1::Delete(T)
FNDA:0,System.Void Apis.Repository.RepositoryBase`1::Delete(T)
DA:21,0
FN:11,System.Void Apis.Repository.RepositoryBase`1::.ctor(Apis.Data.BookStoreContext)
FNDA:0,System.Void Apis.Repository.RepositoryBase`1::.ctor(Apis.Data.BookStoreContext)
DA:12,0
DA:13,0
DA:14,0
DA:15,0
LF:10
LH:0
BRF:0
BRH:0
FNF:7
FNH:0
end_of_record
SF:e:\NashTech Training\Rookie-Assignment1\Apis\Profiles\CategoryProfile.cs
FN:8,System.Void Apis.Profiles.CategoryProfile::.ctor()
FNDA:0,System.Void Apis.Profiles.CategoryProfile::.ctor()
DA:9,0
DA:10,0
DA:11,0
DA:12,0
LF:4
LH:0
BRF:0
BRH:0
FNF:1
FNH:0
end_of_record
SF:e:\NashTech Training\Rookie-Assignment1\Apis\Profiles\OrderProfile.cs
FN:8,System.Void Apis.Profiles.OrderProfile::.ctor()
FNDA:0,System.Void Apis.Profiles.OrderProfile::.ctor()
DA:9,0
DA:10,0
DA:11,0
DA:12,0
LF:4
LH:0
BRF:0
BRH:0
FNF:1
FNH:0
end_of_record
SF:e:\NashTech Training\Rookie-Assignment1\Apis\Profiles\ProductProfile.cs
FN:8,System.Void Apis.Profiles.ProductProfile::.ctor()
FNDA:0,System.Void Apis.Profiles.ProductProfile::.ctor()
DA:9,0
DA:10,0
DA:11,0
DA:12,0
LF:4
LH:0
BRF:0
BRH:0
FNF:1
FNH:0
end_of_record
SF:e:\NashTech Training\Rookie-Assignment1\Apis\Profiles\RatingProfile.cs
FN:8,System.Void Apis.Profiles.RatingProfile::.ctor()
FNDA:0,System.Void Apis.Profiles.RatingProfile::.ctor()
DA:9,0
DA:10,0
DA:11,0
DA:12,0
LF:4
LH:0
BRF:0
BRH:0
FNF:1
FNH:0
end_of_record
SF:e:\NashTech Training\Rookie-Assignment1\Apis\Profiles\UserProfile.cs
FN:8,System.Void Apis.Profiles.UserProfile::.ctor()
FNDA:0,System.Void Apis.Profiles.UserProfile::.ctor()
DA:9,0
DA:10,0
DA:11,0
DA:12,0
LF:4
LH:0
BRF:0
BRH:0
FNF:1
FNH:0
end_of_record
SF:e:\NashTech Training\Rookie-Assignment1\Apis\Models\AdminLoginForm.cs
FN:3,System.String Apis.Models.AdminLoginForm::get_Username()
FNDA:0,System.String Apis.Models.AdminLoginForm::get_Username()
DA:4,0
FN:4,System.String Apis.Models.AdminLoginForm::get_Password()
FNDA:0,System.String Apis.Models.AdminLoginForm::get_Password()
DA:5,0
LF:2
LH:0
BRF:0
BRH:0
FNF:2
FNH:0
end_of_record
SF:e:\NashTech Training\Rookie-Assignment1\Apis\Models\Category.cs
FN:6,System.Int32 Apis.Models.Category::get_Id()
FNDA:0,System.Int32 Apis.Models.Category::get_Id()
DA:7,0
FN:8,System.String Apis.Models.Category::get_Name()
FNDA:0,System.String Apis.Models.Category::get_Name()
DA:9,0
FN:9,System.String Apis.Models.Category::get_Description()
FNDA:0,System.String Apis.Models.Category::get_Description()
DA:10,0
FN:10,System.Collections.Generic.ICollection`1<Apis.Models.Product> Apis.Models.Category::get_Products()
FNDA:0,System.Collections.Generic.ICollection`1<Apis.Models.Product> Apis.Models.Category::get_Products()
DA:11,0
LF:4
LH:0
BRF:0
BRH:0
FNF:4
FNH:0
end_of_record
SF:e:\NashTech Training\Rookie-Assignment1\Apis\Models\Order.cs
FN:6,System.Int32 Apis.Models.Order::get_Id()
FNDA:0,System.Int32 Apis.Models.Order::get_Id()
DA:7,0
FN:8,Apis.Models.User Apis.Models.Order::get_User()
FNDA:0,Apis.Models.User Apis.Models.Order::get_User()
DA:9,0
FN:10,System.String Apis.Models.Order::get_Address()
FNDA:0,System.String Apis.Models.Order::get_Address()
DA:11,0
FN:11,System.DateTime Apis.Models.Order::get_Time()
FNDA:0,System.DateTime Apis.Models.Order::get_Time()
DA:12,0
FN:12,System.Collections.Generic.ICollection`1<Apis.Models.OrderLine> Apis.Models.Order::get_OrderLines()
FNDA:0,System.Collections.Generic.ICollection`1<Apis.Models.OrderLine> Apis.Models.Order::get_OrderLines()
DA:13,0
LF:5
LH:0
BRF:0
BRH:0
FNF:5
FNH:0
end_of_record
SF:e:\NashTech Training\Rookie-Assignment1\Apis\Models\OrderLine.cs
FN:4,System.Int32 Apis.Models.OrderLine::get_Id()
FNDA:0,System.Int32 Apis.Models.OrderLine::get_Id()
DA:5,0
FN:5,System.Int32 Apis.Models.OrderLine::get_Quantity()
FNDA:0,System.Int32 Apis.Models.OrderLine::get_Quantity()
DA:6,0
FN:6,Apis.Models.Order Apis.Models.OrderLine::get_Order()
FNDA:0,Apis.Models.Order Apis.Models.OrderLine::get_Order()
DA:7,0
FN:7,Apis.Models.Product Apis.Models.OrderLine::get_Product()
FNDA:0,Apis.Models.Product Apis.Models.OrderLine::get_Product()
DA:8,0
LF:4
LH:0
BRF:0
BRH:0
FNF:4
FNH:0
end_of_record
SF:e:\NashTech Training\Rookie-Assignment1\Apis\Models\Product.cs
FN:7,System.Int32 Apis.Models.Product::get_Id()
FNDA:0,System.Int32 Apis.Models.Product::get_Id()
DA:8,0
FN:9,System.String Apis.Models.Product::get_Name()
FNDA:0,System.String Apis.Models.Product::get_Name()
DA:10,0
FN:10,System.String Apis.Models.Product::get_Description()
FNDA:0,System.String Apis.Models.Product::get_Description()
DA:11,0
FN:11,System.String Apis.Models.Product::get_Image()
FNDA:0,System.String Apis.Models.Product::get_Image()
DA:12,0
FN:12,System.String Apis.Models.Product::get_Author()
FNDA:0,System.String Apis.Models.Product::get_Author()
DA:13,0
FN:14,System.Decimal Apis.Models.Product::get_Price()
FNDA:0,System.Decimal Apis.Models.Product::get_Price()
DA:15,0
FN:15,System.Int32 Apis.Models.Product::get_Quantity()
FNDA:0,System.Int32 Apis.Models.Product::get_Quantity()
DA:16,0
FN:17,System.DateTime Apis.Models.Product::get_CreatedDate()
FNDA:0,System.DateTime Apis.Models.Product::get_CreatedDate()
DA:18,0
FN:19,System.DateTime Apis.Models.Product::get_UpdatedDate()
FNDA:0,System.DateTime Apis.Models.Product::get_UpdatedDate()
DA:20,0
FN:21,Apis.Models.Category Apis.Models.Product::get_Category()
FNDA:0,Apis.Models.Category Apis.Models.Product::get_Category()
DA:22,0
FN:22,System.Collections.Generic.ICollection`1<Apis.Models.OrderLine> Apis.Models.Product::get_OrderLines()
FNDA:0,System.Collections.Generic.ICollection`1<Apis.Models.OrderLine> Apis.Models.Product::get_OrderLines()
DA:23,0
FN:23,System.Collections.Generic.ICollection`1<Apis.Models.Rating> Apis.Models.Product::get_Ratings()
FNDA:0,System.Collections.Generic.ICollection`1<Apis.Models.Rating> Apis.Models.Product::get_Ratings()
DA:24,0
LF:12
LH:0
BRF:0
BRH:0
FNF:12
FNH:0
end_of_record
SF:e:\NashTech Training\Rookie-Assignment1\Apis\Models\ProductParameters.cs
FN:5,System.Int32 Apis.Models.ProductParameters::get_PageNumber()
FNDA:0,System.Int32 Apis.Models.ProductParameters::get_PageNumber()
DA:6,0
FN:10,System.Int32 Apis.Models.ProductParameters::get_PageSize()
FNDA:0,System.Int32 Apis.Models.ProductParameters::get_PageSize()
DA:11,0
DA:12,0
DA:13,0
FN:14,System.Void Apis.Models.ProductParameters::set_PageSize(System.Int32)
FNDA:0,System.Void Apis.Models.ProductParameters::set_PageSize(System.Int32)
DA:15,0
DA:16,0
DA:17,0
BRDA:16,5,0,0
BRDA:16,5,1,0
FN:6,System.Void Apis.Models.ProductParameters::.ctor()
FNDA:0,System.Void Apis.Models.ProductParameters::.ctor()
DA:7,0
LF:8
LH:0
BRF:2
BRH:0
FNF:4
FNH:0
end_of_record
SF:e:\NashTech Training\Rookie-Assignment1\Apis\Models\Rating.cs
FN:6,System.Int32 Apis.Models.Rating::get_Id()
FNDA:0,System.Int32 Apis.Models.Rating::get_Id()
DA:7,0
FN:8,System.Int32 Apis.Models.Rating::get_Star()
FNDA:0,System.Int32 Apis.Models.Rating::get_Star()
DA:9,0
FN:9,System.String Apis.Models.Rating::get_Comment()
FNDA:0,System.String Apis.Models.Rating::get_Comment()
DA:10,0
FN:11,System.DateTime Apis.Models.Rating::get_CreatedDate()
FNDA:0,System.DateTime Apis.Models.Rating::get_CreatedDate()
DA:12,0
FN:13,System.DateTime Apis.Models.Rating::get_UpdatedDate()
FNDA:0,System.DateTime Apis.Models.Rating::get_UpdatedDate()
DA:14,0
FN:14,Apis.Models.Product Apis.Models.Rating::get_Product()
FNDA:0,Apis.Models.Product Apis.Models.Rating::get_Product()
DA:15,0
FN:15,Apis.Models.User Apis.Models.Rating::get_User()
FNDA:0,Apis.Models.User Apis.Models.Rating::get_User()
DA:16,0
LF:7
LH:0
BRF:0
BRH:0
FNF:7
FNH:0
end_of_record
SF:e:\NashTech Training\Rookie-Assignment1\Apis\Models\User.cs
FN:5,System.String Apis.Models.User::get_Name()
FNDA:0,System.String Apis.Models.User::get_Name()
DA:6,0
FN:6,System.String Apis.Models.User::get_Address()
FNDA:0,System.String Apis.Models.User::get_Address()
DA:7,0
FN:7,System.Collections.Generic.List`1<Apis.Models.Rating> Apis.Models.User::get_Ratings()
FNDA:0,System.Collections.Generic.List`1<Apis.Models.Rating> Apis.Models.User::get_Ratings()
DA:8,0
FN:8,System.Collections.Generic.List`1<Apis.Models.Order> Apis.Models.User::get_Orders()
FNDA:0,System.Collections.Generic.List`1<Apis.Models.Order> Apis.Models.User::get_Orders()
DA:9,0
LF:4
LH:0
BRF:0
BRH:0
FNF:4
FNH:0
end_of_record
SF:e:\NashTech Training\Rookie-Assignment1\Apis\Migrations\20221101080830_InitialDatabase.cs
FN:10,System.Void Apis.Migrations.InitialDatabase::Up(Microsoft.EntityFrameworkCore.Migrations.MigrationBuilder)
FNDA:0,System.Void Apis.Migrations.InitialDatabase::Up(Microsoft.EntityFrameworkCore.Migrations.MigrationBuilder)
DA:11,0
DA:12,0
DA:13,0
DA:14,0
DA:15,0
DA:16,0
DA:17,0
DA:18,0
DA:19,0
DA:20,0
DA:21,0
DA:22,0
DA:23,0
DA:24,0
DA:26,0
DA:27,0
DA:28,0
DA:29,0
DA:30,0
DA:31,0
DA:32,0
DA:33,0
DA:34,0
DA:35,0
DA:36,0
DA:37,0
DA:38,0
DA:39,0
DA:40,0
DA:41,0
DA:42,0
DA:43,0
DA:44,0
DA:45,0
DA:46,0
DA:47,0
DA:48,0
DA:49,0
DA:50,0
DA:51,0
DA:52,0
DA:53,0
DA:55,0
DA:56,0
DA:57,0
DA:58,0
DA:59,0
DA:60,0
DA:61,0
DA:62,0
DA:63,0
DA:64,0
DA:65,0
DA:66,0
DA:67,0
DA:69,0
DA:70,0
DA:71,0
DA:72,0
DA:73,0
DA:74,0
DA:75,0
DA:76,0
DA:77,0
DA:78,0
DA:79,0
DA:80,0
DA:81,0
DA:82,0
DA:83,0
DA:84,0
DA:85,0
DA:86,0
DA:87,0
DA:88,0
DA:90,0
DA:91,0
DA:92,0
DA:93,0
DA:94,0
DA:95,0
DA:96,0
DA:97,0
DA:98,0
DA:99,0
DA:100,0
DA:101,0
DA:102,0
DA:103,0
DA:104,0
DA:105,0
DA:106,0
DA:107,0
DA:108,0
DA:109,0
DA:111,0
DA:112,0
DA:113,0
DA:114,0
DA:115,0
DA:116,0
DA:117,0
DA:118,0
DA:119,0
DA:120,0
DA:121,0
DA:122,0
DA:123,0
DA:124,0
DA:125,0
DA:126,0
DA:127,0
DA:128,0
DA:129,0
DA:131,0
DA:132,0
DA:133,0
DA:134,0
DA:135,0
DA:136,0
DA:137,0
DA:138,0
DA:139,0
DA:140,0
DA:141,0
DA:142,0
DA:143,0
DA:144,0
DA:145,0
DA:146,0
DA:147,0
DA:148,0
DA:149,0
DA:150,0
DA:151,0
DA:152,0
DA:153,0
DA:155,0
DA:156,0
DA:157,0
DA:158,0
DA:159,0
DA:160,0
DA:161,0
DA:162,0
DA:163,0
DA:164,0
DA:165,0
DA:166,0
DA:167,0
DA:168,0
DA:169,0
DA:170,0
DA:171,0
DA:172,0
DA:173,0
DA:175,0
DA:176,0
DA:177,0
DA:178,0
DA:179,0
DA:180,0
DA:181,0
DA:182,0
DA:183,0
DA:184,0
DA:185,0
DA:186,0
DA:187,0
DA:188,0
DA:189,0
DA:190,0
DA:191,0
DA:192,0
DA:194,0
DA:195,0
DA:196,0
DA:197,0
DA:198,0
DA:199,0
DA:200,0
DA:201,0
DA:202,0
DA:203,0
DA:204,0
DA:205,0
DA:206,0
DA:207,0
DA:208,0
DA:209,0
DA:210,0
DA:211,0
DA:212,0
DA:213,0
DA:214,0
DA:215,0
DA:216,0
DA:217,0
DA:218,0
DA:220,0
DA:221,0
DA:222,0
DA:223,0
DA:224,0
DA:225,0
DA:226,0
DA:227,0
DA:228,0
DA:229,0
DA:230,0
DA:231,0
DA:232,0
DA:233,0
DA:234,0
DA:235,0
DA:236,0
DA:237,0
DA:238,0
DA:239,0
DA:240,0
DA:241,0
DA:242,0
DA:243,0
DA:244,0
DA:245,0
DA:247,0
DA:248,0
DA:249,0
DA:250,0
DA:251,0
DA:252,0
DA:253,0
DA:254,0
DA:255,0
DA:256,0
DA:257,0
DA:258,0
DA:259,0
DA:260,0
DA:261,0
DA:262,0
DA:263,0
DA:264,0
DA:265,0
DA:266,0
DA:267,0
DA:268,0
DA:269,0
DA:270,0
DA:271,0
DA:272,0
DA:273,0
DA:274,0
DA:275,0
DA:277,0
DA:278,0
DA:279,0
DA:280,0
DA:282,0
DA:283,0
DA:284,0
DA:285,0
DA:286,0
DA:287,0
DA:289,0
DA:290,0
DA:291,0
DA:292,0
DA:294,0
DA:295,0
DA:296,0
DA:297,0
DA:299,0
DA:300,0
DA:301,0
DA:302,0
DA:304,0
DA:305,0
DA:306,0
DA:307,0
DA:309,0
DA:310,0
DA:311,0
DA:312,0
DA:313,0
DA:314,0
DA:316,0
DA:317,0
DA:318,0
DA:319,0
DA:321,0
DA:322,0
DA:323,0
DA:324,0
DA:326,0
DA:327,0
DA:328,0
DA:329,0
DA:331,0
DA:332,0
DA:333,0
DA:334,0
DA:336,0
DA:337,0
DA:338,0
DA:339,0
DA:341,0
DA:342,0
DA:343,0
DA:344,0
DA:345,0
FN:347,System.Void Apis.Migrations.InitialDatabase::Down(Microsoft.EntityFrameworkCore.Migrations.MigrationBuilder)
FNDA:0,System.Void Apis.Migrations.InitialDatabase::Down(Microsoft.EntityFrameworkCore.Migrations.MigrationBuilder)
DA:348,0
DA:349,0
DA:350,0
DA:352,0
DA:353,0
DA:355,0
DA:356,0
DA:358,0
DA:359,0
DA:361,0
DA:362,0
DA:364,0
DA:365,0
DA:367,0
DA:368,0
DA:370,0
DA:371,0
DA:373,0
DA:374,0
DA:376,0
DA:377,0
DA:379,0
DA:380,0
DA:382,0
DA:383,0
DA:384,0
LF:337
LH:0
BRF:0
BRH:0
FNF:2
FNH:0
end_of_record
SF:e:\NashTech Training\Rookie-Assignment1\Apis\Migrations\20221101080830_InitialDatabase.Designer.cs
FN:18,System.Void Apis.Migrations.InitialDatabase::BuildTargetModel(Microsoft.EntityFrameworkCore.ModelBuilder)
FNDA:0,System.Void Apis.Migrations.InitialDatabase::BuildTargetModel(Microsoft.EntityFrameworkCore.ModelBuilder)
DA:19,0
DA:21,0
DA:22,0
DA:23,0
DA:25,0
DA:27,0
DA:28,0
DA:29,0
DA:30,0
DA:31,0
DA:32,0
DA:33,0
DA:34,0
DA:35,0
DA:36,0
DA:37,0
DA:38,0
DA:39,0
DA:40,0
DA:41,0
DA:42,0
DA:43,0
DA:44,0
DA:45,0
DA:47,0
DA:48,0
DA:49,0
DA:50,0
DA:51,0
DA:52,0
DA:53,0
DA:54,0
DA:55,0
DA:56,0
DA:57,0
DA:58,0
DA:59,0
DA:60,0
DA:61,0
DA:62,0
DA:63,0
DA:64,0
DA:66,0
DA:67,0
DA:68,0
DA:69,0
DA:70,0
DA:71,0
DA:72,0
DA:73,0
DA:74,0
DA:75,0
DA:76,0
DA:77,0
DA:78,0
DA:79,0
DA:80,0
DA:81,0
DA:82,0
DA:83,0
DA:84,0
DA:85,0
DA:86,0
DA:87,0
DA:88,0
DA:89,0
DA:90,0
DA:92,0
DA:93,0
DA:94,0
DA:95,0
DA:96,0
DA:97,0
DA:98,0
DA:99,0
DA:100,0
DA:101,0
DA:102,0
DA:103,0
DA:104,0
DA:105,0
DA:106,0
DA:107,0
DA:108,0
DA:109,0
DA:110,0
DA:111,0
DA:112,0
DA:113,0
DA:114,0
DA:115,0
DA:116,0
DA:117,0
DA:118,0
DA:119,0
DA:120,0
DA:121,0
DA:122,0
DA:123,0
DA:124,0
DA:125,0
DA:126,0
DA:127,0
DA:128,0
DA:129,0
DA:130,0
DA:131,0
DA:132,0
DA:133,0
DA:135,0
DA:136,0
DA:137,0
DA:138,0
DA:139,0
DA:140,0
DA:141,0
DA:142,0
DA:143,0
DA:144,0
DA:145,0
DA:146,0
DA:147,0
DA:148,0
DA:149,0
DA:150,0
DA:151,0
DA:152,0
DA:153,0
DA:154,0
DA:155,0
DA:156,0
DA:157,0
DA:158,0
DA:159,0
DA:160,0
DA:161,0
DA:162,0
DA:163,0
DA:164,0
DA:165,0
DA:166,0
DA:167,0
DA:168,0
DA:169,0
DA:171,0
DA:172,0
DA:173,0
DA:174,0
DA:175,0
DA:176,0
DA:177,0
DA:178,0
DA:179,0
DA:180,0
DA:181,0
DA:182,0
DA:183,0
DA:184,0
DA:185,0
DA:186,0
DA:187,0
DA:188,0
DA:189,0
DA:190,0
DA:191,0
DA:192,0
DA:193,0
DA:194,0
DA:195,0
DA:196,0
DA:198,0
DA:199,0
DA:200,0
DA:201,0
DA:202,0
DA:203,0
DA:204,0
DA:205,0
DA:206,0
DA:207,0
DA:208,0
DA:209,0
DA:210,0
DA:211,0
DA:212,0
DA:213,0
DA:214,0
DA:215,0
DA:216,0
DA:217,0
DA:218,0
DA:219,0
DA:220,0
DA:221,0
DA:223,0
DA:224,0
DA:225,0
DA:226,0
DA:227,0
DA:228,0
DA:229,0
DA:230,0
DA:231,0
DA:232,0
DA:233,0
DA:234,0
DA:235,0
DA:236,0
DA:237,0
DA:238,0
DA:239,0
DA:240,0
DA:241,0
DA:242,0
DA:243,0
DA:244,0
DA:245,0
DA:246,0
DA:247,0
DA:248,0
DA:249,0
DA:250,0
DA:251,0
DA:252,0
DA:253,0
DA:254,0
DA:255,0
DA:256,0
DA:257,0
DA:258,0
DA:259,0
DA:260,0
DA:261,0
DA:262,0
DA:263,0
DA:264,0
DA:265,0
DA:266,0
DA:267,0
DA:268,0
DA:269,0
DA:270,0
DA:271,0
DA:272,0
DA:273,0
DA:274,0
DA:275,0
DA:276,0
DA:277,0
DA:278,0
DA:279,0
DA:280,0
DA:281,0
DA:282,0
DA:283,0
DA:284,0
DA:285,0
DA:286,0
DA:287,0
DA:288,0
DA:289,0
DA:290,0
DA:291,0
DA:292,0
DA:294,0
DA:295,0
DA:296,0
DA:297,0
DA:298,0
DA:299,0
DA:300,0
DA:301,0
DA:302,0
DA:303,0
DA:304,0
DA:305,0
DA:306,0
DA:307,0
DA:308,0
DA:309,0
DA:310,0
DA:311,0
DA:312,0
DA:313,0
DA:314,0
DA:315,0
DA:316,0
DA:317,0
DA:319,0
DA:320,0
DA:321,0
DA:322,0
DA:323,0
DA:324,0
DA:325,0
DA:326,0
DA:327,0
DA:328,0
DA:329,0
DA:330,0
DA:331,0
DA:332,0
DA:333,0
DA:334,0
DA:335,0
DA:336,0
DA:337,0
DA:338,0
DA:339,0
DA:341,0
DA:342,0
DA:343,0
DA:344,0
DA:345,0
DA:346,0
DA:347,0
DA:348,0
DA:349,0
DA:350,0
DA:351,0
DA:352,0
DA:353,0
DA:354,0
DA:356,0
DA:357,0
DA:358,0
DA:359,0
DA:360,0
DA:361,0
DA:362,0
DA:363,0
DA:364,0
DA:365,0
DA:366,0
DA:367,0
DA:368,0
DA:369,0
DA:370,0
DA:371,0
DA:372,0
DA:373,0
DA:375,0
DA:376,0
DA:377,0
DA:378,0
DA:379,0
DA:380,0
DA:381,0
DA:382,0
DA:383,0
DA:384,0
DA:385,0
DA:386,0
DA:387,0
DA:388,0
DA:389,0
DA:390,0
DA:391,0
DA:393,0
DA:394,0
DA:395,0
DA:396,0
DA:397,0
DA:398,0
DA:399,0
DA:400,0
DA:401,0
DA:402,0
DA:404,0
DA:405,0
DA:406,0
DA:407,0
DA:408,0
DA:409,0
DA:410,0
DA:411,0
DA:412,0
DA:413,0
DA:414,0
DA:415,0
DA:416,0
DA:417,0
DA:418,0
DA:419,0
DA:420,0
DA:421,0
DA:423,0
DA:424,0
DA:425,0
DA:426,0
DA:427,0
DA:428,0
DA:429,0
DA:430,0
DA:432,0
DA:433,0
DA:434,0
DA:435,0
DA:436,0
DA:437,0
DA:438,0
DA:439,0
DA:440,0
DA:441,0
DA:442,0
DA:443,0
DA:444,0
DA:445,0
DA:446,0
DA:447,0
DA:448,0
DA:449,0
DA:451,0
DA:452,0
DA:453,0
DA:454,0
DA:455,0
DA:456,0
DA:457,0
DA:458,0
DA:460,0
DA:461,0
DA:462,0
DA:463,0
DA:464,0
DA:465,0
DA:466,0
DA:467,0
DA:469,0
DA:470,0
DA:471,0
DA:472,0
DA:473,0
DA:474,0
DA:475,0
DA:476,0
DA:478,0
DA:479,0
DA:480,0
DA:481,0
DA:482,0
DA:483,0
DA:484,0
DA:485,0
DA:486,0
DA:487,0
DA:488,0
DA:489,0
DA:490,0
DA:491,0
DA:493,0
DA:494,0
DA:495,0
DA:496,0
DA:497,0
DA:498,0
DA:499,0
DA:500,0
DA:502,0
DA:503,0
DA:504,0
DA:505,0
DA:507,0
DA:508,0
DA:509,0
DA:510,0
DA:512,0
DA:513,0
DA:514,0
DA:515,0
DA:516,0
DA:517,0
DA:519,0
DA:520,0
DA:521,0
DA:522,0
DA:523,0
DA:524,0
DA:526,0
LF:479
LH:0
BRF:0
BRH:0
FNF:1
FNH:0
end_of_record
SF:e:\NashTech Training\Rookie-Assignment1\Apis\Migrations\20221101094813_RemoveRedundantRole.cs
FN:9,System.Void Apis.Migrations.RemoveRedundantRole::Up(Microsoft.EntityFrameworkCore.Migrations.MigrationBuilder)
FNDA:0,System.Void Apis.Migrations.RemoveRedundantRole::Up(Microsoft.EntityFrameworkCore.Migrations.MigrationBuilder)
DA:10,0
DA:11,0
DA:12,0
DA:13,0
DA:14,0
FN:16,System.Void Apis.Migrations.RemoveRedundantRole::Down(Microsoft.EntityFrameworkCore.Migrations.MigrationBuilder)
FNDA:0,System.Void Apis.Migrations.RemoveRedundantRole::Down(Microsoft.EntityFrameworkCore.Migrations.MigrationBuilder)
DA:17,0
DA:18,0
DA:19,0
DA:20,0
DA:21,0
DA:22,0
DA:23,0
LF:12
LH:0
BRF:0
BRH:0
FNF:2
FNH:0
end_of_record
SF:e:\NashTech Training\Rookie-Assignment1\Apis\Migrations\20221101094813_RemoveRedundantRole.Designer.cs
FN:18,System.Void Apis.Migrations.RemoveRedundantRole::BuildTargetModel(Microsoft.EntityFrameworkCore.ModelBuilder)
FNDA:0,System.Void Apis.Migrations.RemoveRedundantRole::BuildTargetModel(Microsoft.EntityFrameworkCore.ModelBuilder)
DA:19,0
DA:21,0
DA:22,0
DA:23,0
DA:25,0
DA:27,0
DA:28,0
DA:29,0
DA:30,0
DA:31,0
DA:32,0
DA:33,0
DA:34,0
DA:35,0
DA:36,0
DA:37,0
DA:38,0
DA:39,0
DA:40,0
DA:41,0
DA:42,0
DA:43,0
DA:44,0
DA:45,0
DA:47,0
DA:48,0
DA:49,0
DA:50,0
DA:51,0
DA:52,0
DA:53,0
DA:54,0
DA:55,0
DA:56,0
DA:57,0
DA:58,0
DA:59,0
DA:60,0
DA:61,0
DA:62,0
DA:63,0
DA:64,0
DA:66,0
DA:67,0
DA:68,0
DA:69,0
DA:70,0
DA:71,0
DA:72,0
DA:73,0
DA:74,0
DA:75,0
DA:76,0
DA:77,0
DA:78,0
DA:79,0
DA:80,0
DA:81,0
DA:82,0
DA:83,0
DA:84,0
DA:85,0
DA:86,0
DA:87,0
DA:88,0
DA:89,0
DA:90,0
DA:92,0
DA:93,0
DA:94,0
DA:95,0
DA:96,0
DA:97,0
DA:98,0
DA:99,0
DA:100,0
DA:101,0
DA:102,0
DA:103,0
DA:104,0
DA:105,0
DA:106,0
DA:107,0
DA:108,0
DA:109,0
DA:110,0
DA:111,0
DA:112,0
DA:113,0
DA:114,0
DA:115,0
DA:116,0
DA:117,0
DA:118,0
DA:119,0
DA:120,0
DA:121,0
DA:122,0
DA:123,0
DA:124,0
DA:125,0
DA:126,0
DA:127,0
DA:128,0
DA:129,0
DA:130,0
DA:131,0
DA:132,0
DA:133,0
DA:135,0
DA:136,0
DA:137,0
DA:138,0
DA:139,0
DA:140,0
DA:141,0
DA:142,0
DA:143,0
DA:144,0
DA:145,0
DA:146,0
DA:147,0
DA:148,0
DA:149,0
DA:150,0
DA:151,0
DA:152,0
DA:153,0
DA:154,0
DA:155,0
DA:156,0
DA:157,0
DA:158,0
DA:159,0
DA:160,0
DA:161,0
DA:162,0
DA:163,0
DA:164,0
DA:165,0
DA:166,0
DA:167,0
DA:168,0
DA:169,0
DA:171,0
DA:172,0
DA:173,0
DA:174,0
DA:175,0
DA:176,0
DA:177,0
DA:178,0
DA:179,0
DA:180,0
DA:181,0
DA:182,0
DA:183,0
DA:184,0
DA:185,0
DA:186,0
DA:187,0
DA:188,0
DA:189,0
DA:190,0
DA:191,0
DA:192,0
DA:193,0
DA:194,0
DA:195,0
DA:196,0
DA:198,0
DA:199,0
DA:200,0
DA:201,0
DA:202,0
DA:203,0
DA:204,0
DA:205,0
DA:206,0
DA:207,0
DA:208,0
DA:209,0
DA:210,0
DA:211,0
DA:212,0
DA:213,0
DA:214,0
DA:215,0
DA:216,0
DA:217,0
DA:218,0
DA:219,0
DA:220,0
DA:221,0
DA:223,0
DA:224,0
DA:225,0
DA:226,0
DA:227,0
DA:228,0
DA:229,0
DA:230,0
DA:231,0
DA:232,0
DA:233,0
DA:234,0
DA:235,0
DA:236,0
DA:237,0
DA:238,0
DA:239,0
DA:240,0
DA:241,0
DA:242,0
DA:243,0
DA:244,0
DA:245,0
DA:246,0
DA:247,0
DA:248,0
DA:249,0
DA:250,0
DA:251,0
DA:252,0
DA:253,0
DA:254,0
DA:255,0
DA:256,0
DA:257,0
DA:258,0
DA:259,0
DA:260,0
DA:261,0
DA:262,0
DA:263,0
DA:264,0
DA:265,0
DA:266,0
DA:267,0
DA:268,0
DA:269,0
DA:270,0
DA:271,0
DA:272,0
DA:273,0
DA:274,0
DA:275,0
DA:276,0
DA:277,0
DA:278,0
DA:279,0
DA:280,0
DA:281,0
DA:282,0
DA:283,0
DA:284,0
DA:285,0
DA:286,0
DA:287,0
DA:288,0
DA:289,0
DA:290,0
DA:291,0
DA:292,0
DA:294,0
DA:295,0
DA:296,0
DA:297,0
DA:298,0
DA:299,0
DA:300,0
DA:301,0
DA:302,0
DA:303,0
DA:304,0
DA:305,0
DA:306,0
DA:307,0
DA:308,0
DA:309,0
DA:310,0
DA:311,0
DA:312,0
DA:313,0
DA:314,0
DA:315,0
DA:316,0
DA:317,0
DA:319,0
DA:320,0
DA:321,0
DA:322,0
DA:323,0
DA:324,0
DA:325,0
DA:326,0
DA:327,0
DA:328,0
DA:329,0
DA:330,0
DA:331,0
DA:332,0
DA:333,0
DA:334,0
DA:335,0
DA:336,0
DA:337,0
DA:338,0
DA:339,0
DA:341,0
DA:342,0
DA:343,0
DA:344,0
DA:345,0
DA:346,0
DA:347,0
DA:348,0
DA:349,0
DA:350,0
DA:351,0
DA:352,0
DA:353,0
DA:354,0
DA:356,0
DA:357,0
DA:358,0
DA:359,0
DA:360,0
DA:361,0
DA:362,0
DA:363,0
DA:364,0
DA:365,0
DA:366,0
DA:367,0
DA:368,0
DA:369,0
DA:370,0
DA:371,0
DA:372,0
DA:373,0
DA:375,0
DA:376,0
DA:377,0
DA:378,0
DA:379,0
DA:380,0
DA:381,0
DA:382,0
DA:383,0
DA:384,0
DA:385,0
DA:386,0
DA:387,0
DA:388,0
DA:390,0
DA:391,0
DA:392,0
DA:393,0
DA:394,0
DA:395,0
DA:396,0
DA:397,0
DA:398,0
DA:399,0
DA:401,0
DA:402,0
DA:403,0
DA:404,0
DA:405,0
DA:406,0
DA:407,0
DA:408,0
DA:409,0
DA:410,0
DA:411,0
DA:412,0
DA:413,0
DA:414,0
DA:415,0
DA:416,0
DA:417,0
DA:418,0
DA:420,0
DA:421,0
DA:422,0
DA:423,0
DA:424,0
DA:425,0
DA:426,0
DA:427,0
DA:429,0
DA:430,0
DA:431,0
DA:432,0
DA:433,0
DA:434,0
DA:435,0
DA:436,0
DA:437,0
DA:438,0
DA:439,0
DA:440,0
DA:441,0
DA:442,0
DA:443,0
DA:444,0
DA:445,0
DA:446,0
DA:448,0
DA:449,0
DA:450,0
DA:451,0
DA:452,0
DA:453,0
DA:454,0
DA:455,0
DA:457,0
DA:458,0
DA:459,0
DA:460,0
DA:461,0
DA:462,0
DA:463,0
DA:464,0
DA:466,0
DA:467,0
DA:468,0
DA:469,0
DA:470,0
DA:471,0
DA:472,0
DA:473,0
DA:475,0
DA:476,0
DA:477,0
DA:478,0
DA:479,0
DA:480,0
DA:481,0
DA:482,0
DA:483,0
DA:484,0
DA:485,0
DA:486,0
DA:487,0
DA:488,0
DA:490,0
DA:491,0
DA:492,0
DA:493,0
DA:494,0
DA:495,0
DA:496,0
DA:497,0
DA:499,0
DA:500,0
DA:501,0
DA:502,0
DA:504,0
DA:505,0
DA:506,0
DA:507,0
DA:509,0
DA:510,0
DA:511,0
DA:512,0
DA:513,0
DA:514,0
DA:516,0
DA:517,0
DA:518,0
DA:519,0
DA:520,0
DA:521,0
DA:523,0
LF:476
LH:0
BRF:0
BRH:0
FNF:1
FNH:0
end_of_record
SF:e:\NashTech Training\Rookie-Assignment1\Apis\Migrations\20221103103504_CreateDateRating.cs
FN:10,System.Void Apis.Migrations.CreateDateRating::Up(Microsoft.EntityFrameworkCore.Migrations.MigrationBuilder)
FNDA:0,System.Void Apis.Migrations.CreateDateRating::Up(Microsoft.EntityFrameworkCore.Migrations.MigrationBuilder)
DA:11,0
DA:12,0
DA:13,0
DA:14,0
DA:15,0
DA:16,0
DA:17,0
DA:18,0
FN:20,System.Void Apis.Migrations.CreateDateRating::Down(Microsoft.EntityFrameworkCore.Migrations.MigrationBuilder)
FNDA:0,System.Void Apis.Migrations.CreateDateRating::Down(Microsoft.EntityFrameworkCore.Migrations.MigrationBuilder)
DA:21,0
DA:22,0
DA:23,0
DA:24,0
DA:25,0
LF:13
LH:0
BRF:0
BRH:0
FNF:2
FNH:0
end_of_record
SF:e:\NashTech Training\Rookie-Assignment1\Apis\Migrations\20221103103504_CreateDateRating.Designer.cs
FN:18,System.Void Apis.Migrations.CreateDateRating::BuildTargetModel(Microsoft.EntityFrameworkCore.ModelBuilder)
FNDA:0,System.Void Apis.Migrations.CreateDateRating::BuildTargetModel(Microsoft.EntityFrameworkCore.ModelBuilder)
DA:19,0
DA:21,0
DA:22,0
DA:23,0
DA:25,0
DA:27,0
DA:28,0
DA:29,0
DA:30,0
DA:31,0
DA:32,0
DA:33,0
DA:34,0
DA:35,0
DA:36,0
DA:37,0
DA:38,0
DA:39,0
DA:40,0
DA:41,0
DA:42,0
DA:43,0
DA:44,0
DA:45,0
DA:47,0
DA:48,0
DA:49,0
DA:50,0
DA:51,0
DA:52,0
DA:53,0
DA:54,0
DA:55,0
DA:56,0
DA:57,0
DA:58,0
DA:59,0
DA:60,0
DA:61,0
DA:62,0
DA:63,0
DA:64,0
DA:66,0
DA:67,0
DA:68,0
DA:69,0
DA:70,0
DA:71,0
DA:72,0
DA:73,0
DA:74,0
DA:75,0
DA:76,0
DA:77,0
DA:78,0
DA:79,0
DA:80,0
DA:81,0
DA:82,0
DA:83,0
DA:84,0
DA:85,0
DA:86,0
DA:87,0
DA:88,0
DA:89,0
DA:90,0
DA:92,0
DA:93,0
DA:94,0
DA:95,0
DA:96,0
DA:97,0
DA:98,0
DA:99,0
DA:100,0
DA:101,0
DA:102,0
DA:103,0
DA:104,0
DA:105,0
DA:106,0
DA:107,0
DA:108,0
DA:109,0
DA:110,0
DA:111,0
DA:112,0
DA:113,0
DA:114,0
DA:115,0
DA:116,0
DA:117,0
DA:118,0
DA:119,0
DA:120,0
DA:121,0
DA:122,0
DA:123,0
DA:124,0
DA:125,0
DA:126,0
DA:127,0
DA:128,0
DA:129,0
DA:130,0
DA:131,0
DA:132,0
DA:133,0
DA:135,0
DA:136,0
DA:137,0
DA:138,0
DA:139,0
DA:140,0
DA:141,0
DA:142,0
DA:143,0
DA:144,0
DA:145,0
DA:146,0
DA:147,0
DA:148,0
DA:149,0
DA:150,0
DA:151,0
DA:152,0
DA:153,0
DA:154,0
DA:155,0
DA:156,0
DA:157,0
DA:158,0
DA:159,0
DA:160,0
DA:161,0
DA:162,0
DA:163,0
DA:164,0
DA:165,0
DA:166,0
DA:167,0
DA:168,0
DA:169,0
DA:170,0
DA:171,0
DA:172,0
DA:174,0
DA:175,0
DA:176,0
DA:177,0
DA:178,0
DA:179,0
DA:180,0
DA:181,0
DA:182,0
DA:183,0
DA:184,0
DA:185,0
DA:186,0
DA:187,0
DA:188,0
DA:189,0
DA:190,0
DA:191,0
DA:192,0
DA:193,0
DA:194,0
DA:195,0
DA:196,0
DA:197,0
DA:198,0
DA:199,0
DA:201,0
DA:202,0
DA:203,0
DA:204,0
DA:205,0
DA:206,0
DA:207,0
DA:208,0
DA:209,0
DA:210,0
DA:211,0
DA:212,0
DA:213,0
DA:214,0
DA:215,0
DA:216,0
DA:217,0
DA:218,0
DA:219,0
DA:220,0
DA:221,0
DA:222,0
DA:223,0
DA:224,0
DA:226,0
DA:227,0
DA:228,0
DA:229,0
DA:230,0
DA:231,0
DA:232,0
DA:233,0
DA:234,0
DA:235,0
DA:236,0
DA:237,0
DA:238,0
DA:239,0
DA:240,0
DA:241,0
DA:242,0
DA:243,0
DA:244,0
DA:245,0
DA:246,0
DA:247,0
DA:248,0
DA:249,0
DA:250,0
DA:251,0
DA:252,0
DA:253,0
DA:254,0
DA:255,0
DA:256,0
DA:257,0
DA:258,0
DA:259,0
DA:260,0
DA:261,0
DA:262,0
DA:263,0
DA:264,0
DA:265,0
DA:266,0
DA:267,0
DA:268,0
DA:269,0
DA:270,0
DA:271,0
DA:272,0
DA:273,0
DA:274,0
DA:275,0
DA:276,0
DA:277,0
DA:278,0
DA:279,0
DA:280,0
DA:281,0
DA:282,0
DA:283,0
DA:284,0
DA:285,0
DA:286,0
DA:287,0
DA:288,0
DA:289,0
DA:290,0
DA:291,0
DA:292,0
DA:293,0
DA:294,0
DA:295,0
DA:297,0
DA:298,0
DA:299,0
DA:300,0
DA:301,0
DA:302,0
DA:303,0
DA:304,0
DA:305,0
DA:306,0
DA:307,0
DA:308,0
DA:309,0
DA:310,0
DA:311,0
DA:312,0
DA:313,0
DA:314,0
DA:315,0
DA:316,0
DA:317,0
DA:318,0
DA:319,0
DA:320,0
DA:322,0
DA:323,0
DA:324,0
DA:325,0
DA:326,0
DA:327,0
DA:328,0
DA:329,0
DA:330,0
DA:331,0
DA:332,0
DA:333,0
DA:334,0
DA:335,0
DA:336,0
DA:337,0
DA:338,0
DA:339,0
DA:340,0
DA:341,0
DA:342,0
DA:344,0
DA:345,0
DA:346,0
DA:347,0
DA:348,0
DA:349,0
DA:350,0
DA:351,0
DA:352,0
DA:353,0
DA:354,0
DA:355,0
DA:356,0
DA:357,0
DA:359,0
DA:360,0
DA:361,0
DA:362,0
DA:363,0
DA:364,0
DA:365,0
DA:366,0
DA:367,0
DA:368,0
DA:369,0
DA:370,0
DA:371,0
DA:372,0
DA:373,0
DA:374,0
DA:375,0
DA:376,0
DA:378,0
DA:379,0
DA:380,0
DA:381,0
DA:382,0
DA:383,0
DA:384,0
DA:385,0
DA:386,0
DA:387,0
DA:388,0
DA:389,0
DA:390,0
DA:391,0
DA:393,0
DA:394,0
DA:395,0
DA:396,0
DA:397,0
DA:398,0
DA:399,0
DA:400,0
DA:401,0
DA:402,0
DA:404,0
DA:405,0
DA:406,0
DA:407,0
DA:408,0
DA:409,0
DA:410,0
DA:411,0
DA:412,0
DA:413,0
DA:414,0
DA:415,0
DA:416,0
DA:417,0
DA:418,0
DA:419,0
DA:420,0
DA:421,0
DA:423,0
DA:424,0
DA:425,0
DA:426,0
DA:427,0
DA:428,0
DA:429,0
DA:430,0
DA:432,0
DA:433,0
DA:434,0
DA:435,0
DA:436,0
DA:437,0
DA:438,0
DA:439,0
DA:440,0
DA:441,0
DA:442,0
DA:443,0
DA:444,0
DA:445,0
DA:446,0
DA:447,0
DA:448,0
DA:449,0
DA:451,0
DA:452,0
DA:453,0
DA:454,0
DA:455,0
DA:456,0
DA:457,0
DA:458,0
DA:460,0
DA:461,0
DA:462,0
DA:463,0
DA:464,0
DA:465,0
DA:466,0
DA:467,0
DA:469,0
DA:470,0
DA:471,0
DA:472,0
DA:473,0
DA:474,0
DA:475,0
DA:476,0
DA:478,0
DA:479,0
DA:480,0
DA:481,0
DA:482,0
DA:483,0
DA:484,0
DA:485,0
DA:486,0
DA:487,0
DA:488,0
DA:489,0
DA:490,0
DA:491,0
DA:493,0
DA:494,0
DA:495,0
DA:496,0
DA:497,0
DA:498,0
DA:499,0
DA:500,0
DA:502,0
DA:503,0
DA:504,0
DA:505,0
DA:507,0
DA:508,0
DA:509,0
DA:510,0
DA:512,0
DA:513,0
DA:514,0
DA:515,0
DA:516,0
DA:517,0
DA:519,0
DA:520,0
DA:521,0
DA:522,0
DA:523,0
DA:524,0
DA:526,0
LF:479
LH:0
BRF:0
BRH:0
FNF:1
FNH:0
end_of_record
SF:e:\NashTech Training\Rookie-Assignment1\Apis\Migrations\20221105011559_AddAddressForOrder.cs
FN:9,System.Void Apis.Migrations.AddAddressForOrder::Up(Microsoft.EntityFrameworkCore.Migrations.MigrationBuilder)
FNDA:0,System.Void Apis.Migrations.AddAddressForOrder::Up(Microsoft.EntityFrameworkCore.Migrations.MigrationBuilder)
DA:10,0
DA:11,0
DA:12,0
DA:13,0
DA:15,0
DA:16,0
DA:17,0
DA:18,0
DA:19,0
DA:20,0
DA:21,0
FN:23,System.Void Apis.Migrations.AddAddressForOrder::Down(Microsoft.EntityFrameworkCore.Migrations.MigrationBuilder)
FNDA:0,System.Void Apis.Migrations.AddAddressForOrder::Down(Microsoft.EntityFrameworkCore.Migrations.MigrationBuilder)
DA:24,0
DA:25,0
DA:26,0
DA:27,0
DA:29,0
DA:30,0
DA:31,0
DA:32,0
DA:33,0
DA:34,0
LF:21
LH:0
BRF:0
BRH:0
FNF:2
FNH:0
end_of_record
SF:e:\NashTech Training\Rookie-Assignment1\Apis\Migrations\20221105011559_AddAddressForOrder.Designer.cs
FN:18,System.Void Apis.Migrations.AddAddressForOrder::BuildTargetModel(Microsoft.EntityFrameworkCore.ModelBuilder)
FNDA:0,System.Void Apis.Migrations.AddAddressForOrder::BuildTargetModel(Microsoft.EntityFrameworkCore.ModelBuilder)
DA:19,0
DA:21,0
DA:22,0
DA:23,0
DA:25,0
DA:27,0
DA:28,0
DA:29,0
DA:30,0
DA:31,0
DA:32,0
DA:33,0
DA:34,0
DA:35,0
DA:36,0
DA:37,0
DA:38,0
DA:39,0
DA:40,0
DA:41,0
DA:42,0
DA:43,0
DA:44,0
DA:45,0
DA:47,0
DA:48,0
DA:49,0
DA:50,0
DA:51,0
DA:52,0
DA:53,0
DA:54,0
DA:55,0
DA:56,0
DA:57,0
DA:58,0
DA:59,0
DA:60,0
DA:61,0
DA:62,0
DA:63,0
DA:64,0
DA:65,0
DA:66,0
DA:67,0
DA:68,0
DA:70,0
DA:71,0
DA:72,0
DA:73,0
DA:74,0
DA:75,0
DA:76,0
DA:77,0
DA:78,0
DA:79,0
DA:80,0
DA:81,0
DA:82,0
DA:83,0
DA:84,0
DA:85,0
DA:86,0
DA:87,0
DA:88,0
DA:89,0
DA:90,0
DA:91,0
DA:92,0
DA:93,0
DA:94,0
DA:96,0
DA:97,0
DA:98,0
DA:99,0
DA:100,0
DA:101,0
DA:102,0
DA:103,0
DA:104,0
DA:105,0
DA:106,0
DA:107,0
DA:108,0
DA:109,0
DA:110,0
DA:111,0
DA:112,0
DA:113,0
DA:114,0
DA:115,0
DA:116,0
DA:117,0
DA:118,0
DA:119,0
DA:120,0
DA:121,0
DA:122,0
DA:123,0
DA:124,0
DA:125,0
DA:126,0
DA:127,0
DA:128,0
DA:129,0
DA:130,0
DA:131,0
DA:132,0
DA:133,0
DA:134,0
DA:135,0
DA:136,0
DA:137,0
DA:139,0
DA:140,0
DA:141,0
DA:142,0
DA:143,0
DA:144,0
DA:145,0
DA:146,0
DA:147,0
DA:148,0
DA:149,0
DA:150,0
DA:151,0
DA:152,0
DA:153,0
DA:154,0
DA:155,0
DA:156,0
DA:157,0
DA:158,0
DA:159,0
DA:160,0
DA:161,0
DA:162,0
DA:163,0
DA:164,0
DA:165,0
DA:166,0
DA:167,0
DA:168,0
DA:169,0
DA:170,0
DA:171,0
DA:172,0
DA:173,0
DA:175,0
DA:176,0
DA:177,0
DA:178,0
DA:179,0
DA:180,0
DA:181,0
DA:182,0
DA:183,0
DA:184,0
DA:185,0
DA:186,0
DA:187,0
DA:188,0
DA:189,0
DA:190,0
DA:191,0
DA:192,0
DA:193,0
DA:194,0
DA:195,0
DA:196,0
DA:197,0
DA:198,0
DA:199,0
DA:200,0
DA:202,0
DA:203,0
DA:204,0
DA:205,0
DA:206,0
DA:207,0
DA:208,0
DA:209,0
DA:210,0
DA:211,0
DA:212,0
DA:213,0
DA:214,0
DA:215,0
DA:216,0
DA:217,0
DA:218,0
DA:219,0
DA:220,0
DA:221,0
DA:222,0
DA:223,0
DA:224,0
DA:225,0
DA:227,0
DA:228,0
DA:229,0
DA:230,0
DA:231,0
DA:232,0
DA:233,0
DA:234,0
DA:235,0
DA:236,0
DA:237,0
DA:238,0
DA:239,0
DA:240,0
DA:241,0
DA:242,0
DA:243,0
DA:244,0
DA:245,0
DA:246,0
DA:247,0
DA:248,0
DA:249,0
DA:250,0
DA:251,0
DA:252,0
DA:253,0
DA:254,0
DA:255,0
DA:256,0
DA:257,0
DA:258,0
DA:259,0
DA:260,0
DA:261,0
DA:262,0
DA:263,0
DA:264,0
DA:265,0
DA:266,0
DA:267,0
DA:268,0
DA:269,0
DA:270,0
DA:271,0
DA:272,0
DA:273,0
DA:274,0
DA:275,0
DA:276,0
DA:277,0
DA:278,0
DA:279,0
DA:280,0
DA:281,0
DA:282,0
DA:283,0
DA:284,0
DA:285,0
DA:286,0
DA:287,0
DA:288,0
DA:289,0
DA:290,0
DA:291,0
DA:292,0
DA:293,0
DA:294,0
DA:295,0
DA:296,0
DA:298,0
DA:299,0
DA:300,0
DA:301,0
DA:302,0
DA:303,0
DA:304,0
DA:305,0
DA:306,0
DA:307,0
DA:308,0
DA:309,0
DA:310,0
DA:311,0
DA:312,0
DA:313,0
DA:314,0
DA:315,0
DA:316,0
DA:317,0
DA:318,0
DA:319,0
DA:320,0
DA:321,0
DA:323,0
DA:324,0
DA:325,0
DA:326,0
DA:327,0
DA:328,0
DA:329,0
DA:330,0
DA:331,0
DA:332,0
DA:333,0
DA:334,0
DA:335,0
DA:336,0
DA:337,0
DA:338,0
DA:339,0
DA:340,0
DA:341,0
DA:342,0
DA:343,0
DA:345,0
DA:346,0
DA:347,0
DA:348,0
DA:349,0
DA:350,0
DA:351,0
DA:352,0
DA:353,0
DA:354,0
DA:355,0
DA:356,0
DA:357,0
DA:358,0
DA:360,0
DA:361,0
DA:362,0
DA:363,0
DA:364,0
DA:365,0
DA:366,0
DA:367,0
DA:368,0
DA:369,0
DA:370,0
DA:371,0
DA:372,0
DA:373,0
DA:374,0
DA:375,0
DA:376,0
DA:377,0
DA:379,0
DA:380,0
DA:381,0
DA:382,0
DA:383,0
DA:384,0
DA:385,0
DA:386,0
DA:387,0
DA:388,0
DA:389,0
DA:390,0
DA:391,0
DA:392,0
DA:394,0
DA:395,0
DA:396,0
DA:397,0
DA:398,0
DA:399,0
DA:400,0
DA:401,0
DA:402,0
DA:403,0
DA:405,0
DA:406,0
DA:407,0
DA:408,0
DA:409,0
DA:410,0
DA:411,0
DA:412,0
DA:413,0
DA:414,0
DA:415,0
DA:416,0
DA:417,0
DA:418,0
DA:419,0
DA:420,0
DA:421,0
DA:422,0
DA:424,0
DA:425,0
DA:426,0
DA:427,0
DA:428,0
DA:429,0
DA:430,0
DA:431,0
DA:433,0
DA:434,0
DA:435,0
DA:436,0
DA:437,0
DA:438,0
DA:439,0
DA:440,0
DA:441,0
DA:442,0
DA:443,0
DA:444,0
DA:445,0
DA:446,0
DA:447,0
DA:448,0
DA:449,0
DA:450,0
DA:452,0
DA:453,0
DA:454,0
DA:455,0
DA:456,0
DA:457,0
DA:458,0
DA:459,0
DA:461,0
DA:462,0
DA:463,0
DA:464,0
DA:465,0
DA:466,0
DA:467,0
DA:468,0
DA:470,0
DA:471,0
DA:472,0
DA:473,0
DA:474,0
DA:475,0
DA:476,0
DA:477,0
DA:479,0
DA:480,0
DA:481,0
DA:482,0
DA:483,0
DA:484,0
DA:485,0
DA:486,0
DA:487,0
DA:488,0
DA:489,0
DA:490,0
DA:491,0
DA:492,0
DA:494,0
DA:495,0
DA:496,0
DA:497,0
DA:498,0
DA:499,0
DA:500,0
DA:501,0
DA:503,0
DA:504,0
DA:505,0
DA:506,0
DA:508,0
DA:509,0
DA:510,0
DA:511,0
DA:513,0
DA:514,0
DA:515,0
DA:516,0
DA:517,0
DA:518,0
DA:520,0
DA:521,0
DA:522,0
DA:523,0
DA:524,0
DA:525,0
DA:527,0
LF:480
LH:0
BRF:0
BRH:0
FNF:1
FNH:0
end_of_record
SF:e:\NashTech Training\Rookie-Assignment1\Apis\Migrations\20221107023213_AddTimeForOrder.cs
FN:10,System.Void Apis.Migrations.AddTimeForOrder::Up(Microsoft.EntityFrameworkCore.Migrations.MigrationBuilder)
FNDA:0,System.Void Apis.Migrations.AddTimeForOrder::Up(Microsoft.EntityFrameworkCore.Migrations.MigrationBuilder)
DA:11,0
DA:12,0
DA:13,0
DA:14,0
DA:15,0
DA:16,0
DA:17,0
DA:18,0
FN:20,System.Void Apis.Migrations.AddTimeForOrder::Down(Microsoft.EntityFrameworkCore.Migrations.MigrationBuilder)
FNDA:0,System.Void Apis.Migrations.AddTimeForOrder::Down(Microsoft.EntityFrameworkCore.Migrations.MigrationBuilder)
DA:21,0
DA:22,0
DA:23,0
DA:24,0
DA:25,0
LF:13
LH:0
BRF:0
BRH:0
FNF:2
FNH:0
end_of_record
SF:e:\NashTech Training\Rookie-Assignment1\Apis\Migrations\20221107023213_AddTimeForOrder.Designer.cs
FN:18,System.Void Apis.Migrations.AddTimeForOrder::BuildTargetModel(Microsoft.EntityFrameworkCore.ModelBuilder)
FNDA:0,System.Void Apis.Migrations.AddTimeForOrder::BuildTargetModel(Microsoft.EntityFrameworkCore.ModelBuilder)
DA:19,0
DA:21,0
DA:22,0
DA:23,0
DA:25,0
DA:27,0
DA:28,0
DA:29,0
DA:30,0
DA:31,0
DA:32,0
DA:33,0
DA:34,0
DA:35,0
DA:36,0
DA:37,0
DA:38,0
DA:39,0
DA:40,0
DA:41,0
DA:42,0
DA:43,0
DA:44,0
DA:45,0
DA:47,0
DA:48,0
DA:49,0
DA:50,0
DA:51,0
DA:52,0
DA:53,0
DA:54,0
DA:55,0
DA:56,0
DA:57,0
DA:58,0
DA:59,0
DA:60,0
DA:61,0
DA:62,0
DA:63,0
DA:64,0
DA:65,0
DA:66,0
DA:67,0
DA:68,0
DA:69,0
DA:70,0
DA:71,0
DA:73,0
DA:74,0
DA:75,0
DA:76,0
DA:77,0
DA:78,0
DA:79,0
DA:80,0
DA:81,0
DA:82,0
DA:83,0
DA:84,0
DA:85,0
DA:86,0
DA:87,0
DA:88,0
DA:89,0
DA:90,0
DA:91,0
DA:92,0
DA:93,0
DA:94,0
DA:95,0
DA:96,0
DA:97,0
DA:99,0
DA:100,0
DA:101,0
DA:102,0
DA:103,0
DA:104,0
DA:105,0
DA:106,0
DA:107,0
DA:108,0
DA:109,0
DA:110,0
DA:111,0
DA:112,0
DA:113,0
DA:114,0
DA:115,0
DA:116,0
DA:117,0
DA:118,0
DA:119,0
DA:120,0
DA:121,0
DA:122,0
DA:123,0
DA:124,0
DA:125,0
DA:126,0
DA:127,0
DA:128,0
DA:129,0
DA:130,0
DA:131,0
DA:132,0
DA:133,0
DA:134,0
DA:135,0
DA:136,0
DA:137,0
DA:138,0
DA:139,0
DA:140,0
DA:142,0
DA:143,0
DA:144,0
DA:145,0
DA:146,0
DA:147,0
DA:148,0
DA:149,0
DA:150,0
DA:151,0
DA:152,0
DA:153,0
DA:154,0
DA:155,0
DA:156,0
DA:157,0
DA:158,0
DA:159,0
DA:160,0
DA:161,0
DA:162,0
DA:163,0
DA:164,0
DA:165,0
DA:166,0
DA:167,0
DA:168,0
DA:169,0
DA:170,0
DA:171,0
DA:172,0
DA:173,0
DA:174,0
DA:175,0
DA:176,0
DA:178,0
DA:179,0
DA:180,0
DA:181,0
DA:182,0
DA:183,0
DA:184,0
DA:185,0
DA:186,0
DA:187,0
DA:188,0
DA:189,0
DA:190,0
DA:191,0
DA:192,0
DA:193,0
DA:194,0
DA:195,0
DA:196,0
DA:197,0
DA:198,0
DA:199,0
DA:200,0
DA:201,0
DA:202,0
DA:203,0
DA:205,0
DA:206,0
DA:207,0
DA:208,0
DA:209,0
DA:210,0
DA:211,0
DA:212,0
DA:213,0
DA:214,0
DA:215,0
DA:216,0
DA:217,0
DA:218,0
DA:219,0
DA:220,0
DA:221,0
DA:222,0
DA:223,0
DA:224,0
DA:225,0
DA:226,0
DA:227,0
DA:228,0
DA:230,0
DA:231,0
DA:232,0
DA:233,0
DA:234,0
DA:235,0
DA:236,0
DA:237,0
DA:238,0
DA:239,0
DA:240,0
DA:241,0
DA:242,0
DA:243,0
DA:244,0
DA:245,0
DA:246,0
DA:247,0
DA:248,0
DA:249,0
DA:250,0
DA:251,0
DA:252,0
DA:253,0
DA:254,0
DA:255,0
DA:256,0
DA:257,0
DA:258,0
DA:259,0
DA:260,0
DA:261,0
DA:262,0
DA:263,0
DA:264,0
DA:265,0
DA:266,0
DA:267,0
DA:268,0
DA:269,0
DA:270,0
DA:271,0
DA:272,0
DA:273,0
DA:274,0
DA:275,0
DA:276,0
DA:277,0
DA:278,0
DA:279,0
DA:280,0
DA:281,0
DA:282,0
DA:283,0
DA:284,0
DA:285,0
DA:286,0
DA:287,0
DA:288,0
DA:289,0
DA:290,0
DA:291,0
DA:292,0
DA:293,0
DA:294,0
DA:295,0
DA:296,0
DA:297,0
DA:298,0
DA:299,0
DA:301,0
DA:302,0
DA:303,0
DA:304,0
DA:305,0
DA:306,0
DA:307,0
DA:308,0
DA:309,0
DA:310,0
DA:311,0
DA:312,0
DA:313,0
DA:314,0
DA:315,0
DA:316,0
DA:317,0
DA:318,0
DA:319,0
DA:320,0
DA:321,0
DA:322,0
DA:323,0
DA:324,0
DA:326,0
DA:327,0
DA:328,0
DA:329,0
DA:330,0
DA:331,0
DA:332,0
DA:333,0
DA:334,0
DA:335,0
DA:336,0
DA:337,0
DA:338,0
DA:339,0
DA:340,0
DA:341,0
DA:342,0
DA:343,0
DA:344,0
DA:345,0
DA:346,0
DA:348,0
DA:349,0
DA:350,0
DA:351,0
DA:352,0
DA:353,0
DA:354,0
DA:355,0
DA:356,0
DA:357,0
DA:358,0
DA:359,0
DA:360,0
DA:361,0
DA:363,0
DA:364,0
DA:365,0
DA:366,0
DA:367,0
DA:368,0
DA:369,0
DA:370,0
DA:371,0
DA:372,0
DA:373,0
DA:374,0
DA:375,0
DA:376,0
DA:377,0
DA:378,0
DA:379,0
DA:380,0
DA:382,0
DA:383,0
DA:384,0
DA:385,0
DA:386,0
DA:387,0
DA:388,0
DA:389,0
DA:390,0
DA:391,0
DA:392,0
DA:393,0
DA:394,0
DA:395,0
DA:397,0
DA:398,0
DA:399,0
DA:400,0
DA:401,0
DA:402,0
DA:403,0
DA:404,0
DA:405,0
DA:406,0
DA:408,0
DA:409,0
DA:410,0
DA:411,0
DA:412,0
DA:413,0
DA:414,0
DA:415,0
DA:416,0
DA:417,0
DA:418,0
DA:419,0
DA:420,0
DA:421,0
DA:422,0
DA:423,0
DA:424,0
DA:425,0
DA:427,0
DA:428,0
DA:429,0
DA:430,0
DA:431,0
DA:432,0
DA:433,0
DA:434,0
DA:436,0
DA:437,0
DA:438,0
DA:439,0
DA:440,0
DA:441,0
DA:442,0
DA:443,0
DA:444,0
DA:445,0
DA:446,0
DA:447,0
DA:448,0
DA:449,0
DA:450,0
DA:451,0
DA:452,0
DA:453,0
DA:455,0
DA:456,0
DA:457,0
DA:458,0
DA:459,0
DA:460,0
DA:461,0
DA:462,0
DA:464,0
DA:465,0
DA:466,0
DA:467,0
DA:468,0
DA:469,0
DA:470,0
DA:471,0
DA:473,0
DA:474,0
DA:475,0
DA:476,0
DA:477,0
DA:478,0
DA:479,0
DA:480,0
DA:482,0
DA:483,0
DA:484,0
DA:485,0
DA:486,0
DA:487,0
DA:488,0
DA:489,0
DA:490,0
DA:491,0
DA:492,0
DA:493,0
DA:494,0
DA:495,0
DA:497,0
DA:498,0
DA:499,0
DA:500,0
DA:501,0
DA:502,0
DA:503,0
DA:504,0
DA:506,0
DA:507,0
DA:508,0
DA:509,0
DA:511,0
DA:512,0
DA:513,0
DA:514,0
DA:516,0
DA:517,0
DA:518,0
DA:519,0
DA:520,0
DA:521,0
DA:523,0
DA:524,0
DA:525,0
DA:526,0
DA:527,0
DA:528,0
DA:530,0
LF:483
LH:0
BRF:0
BRH:0
FNF:1
FNH:0
end_of_record
SF:e:\NashTech Training\Rookie-Assignment1\Apis\Migrations\BookStoreContextModelSnapshot.cs
FN:16,System.Void Apis.Migrations.BookStoreContextModelSnapshot::BuildModel(Microsoft.EntityFrameworkCore.ModelBuilder)
FNDA:0,System.Void Apis.Migrations.BookStoreContextModelSnapshot::BuildModel(Microsoft.EntityFrameworkCore.ModelBuilder)
DA:17,0
DA:19,0
DA:20,0
DA:21,0
DA:23,0
DA:25,0
DA:26,0
DA:27,0
DA:28,0
DA:29,0
DA:30,0
DA:31,0
DA:32,0
DA:33,0
DA:34,0
DA:35,0
DA:36,0
DA:37,0
DA:38,0
DA:39,0
DA:40,0
DA:41,0
DA:42,0
DA:43,0
DA:45,0
DA:46,0
DA:47,0
DA:48,0
DA:49,0
DA:50,0
DA:51,0
DA:52,0
DA:53,0
DA:54,0
DA:55,0
DA:56,0
DA:57,0
DA:58,0
DA:59,0
DA:60,0
DA:61,0
DA:62,0
DA:63,0
DA:64,0
DA:65,0
DA:66,0
DA:67,0
DA:68,0
DA:69,0
DA:71,0
DA:72,0
DA:73,0
DA:74,0
DA:75,0
DA:76,0
DA:77,0
DA:78,0
DA:79,0
DA:80,0
DA:81,0
DA:82,0
DA:83,0
DA:84,0
DA:85,0
DA:86,0
DA:87,0
DA:88,0
DA:89,0
DA:90,0
DA:91,0
DA:92,0
DA:93,0
DA:94,0
DA:95,0
DA:97,0
DA:98,0
DA:99,0
DA:100,0
DA:101,0
DA:102,0
DA:103,0
DA:104,0
DA:105,0
DA:106,0
DA:107,0
DA:108,0
DA:109,0
DA:110,0
DA:111,0
DA:112,0
DA:113,0
DA:114,0
DA:115,0
DA:116,0
DA:117,0
DA:118,0
DA:119,0
DA:120,0
DA:121,0
DA:122,0
DA:123,0
DA:124,0
DA:125,0
DA:126,0
DA:127,0
DA:128,0
DA:129,0
DA:130,0
DA:131,0
DA:132,0
DA:133,0
DA:134,0
DA:135,0
DA:136,0
DA:137,0
DA:138,0
DA:140,0
DA:141,0
DA:142,0
DA:143,0
DA:144,0
DA:145,0
DA:146,0
DA:147,0
DA:148,0
DA:149,0
DA:150,0
DA:151,0
DA:152,0
DA:153,0
DA:154,0
DA:155,0
DA:156,0
DA:157,0
DA:158,0
DA:159,0
DA:160,0
DA:161,0
DA:162,0
DA:163,0
DA:164,0
DA:165,0
DA:166,0
DA:167,0
DA:168,0
DA:169,0
DA:170,0
DA:171,0
DA:172,0
DA:173,0
DA:174,0
DA:176,0
DA:177,0
DA:178,0
DA:179,0
DA:180,0
DA:181,0
DA:182,0
DA:183,0
DA:184,0
DA:185,0
DA:186,0
DA:187,0
DA:188,0
DA:189,0
DA:190,0
DA:191,0
DA:192,0
DA:193,0
DA:194,0
DA:195,0
DA:196,0
DA:197,0
DA:198,0
DA:199,0
DA:200,0
DA:201,0
DA:203,0
DA:204,0
DA:205,0
DA:206,0
DA:207,0
DA:208,0
DA:209,0
DA:210,0
DA:211,0
DA:212,0
DA:213,0
DA:214,0
DA:215,0
DA:216,0
DA:217,0
DA:218,0
DA:219,0
DA:220,0
DA:221,0
DA:222,0
DA:223,0
DA:224,0
DA:225,0
DA:226,0
DA:228,0
DA:229,0
DA:230,0
DA:231,0
DA:232,0
DA:233,0
DA:234,0
DA:235,0
DA:236,0
DA:237,0
DA:238,0
DA:239,0
DA:240,0
DA:241,0
DA:242,0
DA:243,0
DA:244,0
DA:245,0
DA:246,0
DA:247,0
DA:248,0
DA:249,0
DA:250,0
DA:251,0
DA:252,0
DA:253,0
DA:254,0
DA:255,0
DA:256,0
DA:257,0
DA:258,0
DA:259,0
DA:260,0
DA:261,0
DA:262,0
DA:263,0
DA:264,0
DA:265,0
DA:266,0
DA:267,0
DA:268,0
DA:269,0
DA:270,0
DA:271,0
DA:272,0
DA:273,0
DA:274,0
DA:275,0
DA:276,0
DA:277,0
DA:278,0
DA:279,0
DA:280,0
DA:281,0
DA:282,0
DA:283,0
DA:284,0
DA:285,0
DA:286,0
DA:287,0
DA:288,0
DA:289,0
DA:290,0
DA:291,0
DA:292,0
DA:293,0
DA:294,0
DA:295,0
DA:296,0
DA:297,0
DA:299,0
DA:300,0
DA:301,0
DA:302,0
DA:303,0
DA:304,0
DA:305,0
DA:306,0
DA:307,0
DA:308,0
DA:309,0
DA:310,0
DA:311,0
DA:312,0
DA:313,0
DA:314,0
DA:315,0
DA:316,0
DA:317,0
DA:318,0
DA:319,0
DA:320,0
DA:321,0
DA:322,0
DA:324,0
DA:325,0
DA:326,0
DA:327,0
DA:328,0
DA:329,0
DA:330,0
DA:331,0
DA:332,0
DA:333,0
DA:334,0
DA:335,0
DA:336,0
DA:337,0
DA:338,0
DA:339,0
DA:340,0
DA:341,0
DA:342,0
DA:343,0
DA:344,0
DA:346,0
DA:347,0
DA:348,0
DA:349,0
DA:350,0
DA:351,0
DA:352,0
DA:353,0
DA:354,0
DA:355,0
DA:356,0
DA:357,0
DA:358,0
DA:359,0
DA:361,0
DA:362,0
DA:363,0
DA:364,0
DA:365,0
DA:366,0
DA:367,0
DA:368,0
DA:369,0
DA:370,0
DA:371,0
DA:372,0
DA:373,0
DA:374,0
DA:375,0
DA:376,0
DA:377,0
DA:378,0
DA:380,0
DA:381,0
DA:382,0
DA:383,0
DA:384,0
DA:385,0
DA:386,0
DA:387,0
DA:388,0
DA:389,0
DA:390,0
DA:391,0
DA:392,0
DA:393,0
DA:395,0
DA:396,0
DA:397,0
DA:398,0
DA:399,0
DA:400,0
DA:401,0
DA:402,0
DA:403,0
DA:404,0
DA:406,0
DA:407,0
DA:408,0
DA:409,0
DA:410,0
DA:411,0
DA:412,0
DA:413,0
DA:414,0
DA:415,0
DA:416,0
DA:417,0
DA:418,0
DA:419,0
DA:420,0
DA:421,0
DA:422,0
DA:423,0
DA:425,0
DA:426,0
DA:427,0
DA:428,0
DA:429,0
DA:430,0
DA:431,0
DA:432,0
DA:434,0
DA:435,0
DA:436,0
DA:437,0
DA:438,0
DA:439,0
DA:440,0
DA:441,0
DA:442,0
DA:443,0
DA:444,0
DA:445,0
DA:446,0
DA:447,0
DA:448,0
DA:449,0
DA:450,0
DA:451,0
DA:453,0
DA:454,0
DA:455,0
DA:456,0
DA:457,0
DA:458,0
DA:459,0
DA:460,0
DA:462,0
DA:463,0
DA:464,0
DA:465,0
DA:466,0
DA:467,0
DA:468,0
DA:469,0
DA:471,0
DA:472,0
DA:473,0
DA:474,0
DA:475,0
DA:476,0
DA:477,0
DA:478,0
DA:480,0
DA:481,0
DA:482,0
DA:483,0
DA:484,0
DA:485,0
DA:486,0
DA:487,0
DA:488,0
DA:489,0
DA:490,0
DA:491,0
DA:492,0
DA:493,0
DA:495,0
DA:496,0
DA:497,0
DA:498,0
DA:499,0
DA:500,0
DA:501,0
DA:502,0
DA:504,0
DA:505,0
DA:506,0
DA:507,0
DA:509,0
DA:510,0
DA:511,0
DA:512,0
DA:514,0
DA:515,0
DA:516,0
DA:517,0
DA:518,0
DA:519,0
DA:521,0
DA:522,0
DA:523,0
DA:524,0
DA:525,0
DA:526,0
DA:528,0
LF:483
LH:0
BRF:0
BRH:0
FNF:1
FNH:0
end_of_record
SF:e:\NashTech Training\Rookie-Assignment1\Apis\Data\BookStoreContext.cs
FN:13,Microsoft.EntityFrameworkCore.DbSet`1<Apis.Models.Product> Apis.Data.BookStoreContext::get_Products()
FNDA:0,Microsoft.EntityFrameworkCore.DbSet`1<Apis.Models.Product> Apis.Data.BookStoreContext::get_Products()
DA:14,0
FN:14,Microsoft.EntityFrameworkCore.DbSet`1<Apis.Models.Category> Apis.Data.BookStoreContext::get_Categories()
FNDA:0,Microsoft.EntityFrameworkCore.DbSet`1<Apis.Models.Category> Apis.Data.BookStoreContext::get_Categories()
DA:15,0
FN:15,Microsoft.EntityFrameworkCore.DbSet`1<Apis.Models.Order> Apis.Data.BookStoreContext::get_Orders()
FNDA:0,Microsoft.EntityFrameworkCore.DbSet`1<Apis.Models.Order> Apis.Data.BookStoreContext::get_Orders()
DA:16,0
FN:16,Microsoft.EntityFrameworkCore.DbSet`1<Apis.Models.OrderLine> Apis.Data.BookStoreContext::get_OrderLines()
FNDA:0,Microsoft.EntityFrameworkCore.DbSet`1<Apis.Models.OrderLine> Apis.Data.BookStoreContext::get_OrderLines()
DA:17,0
FN:17,Microsoft.EntityFrameworkCore.DbSet`1<Apis.Models.Rating> Apis.Data.BookStoreContext::get_Ratings()
FNDA:0,Microsoft.EntityFrameworkCore.DbSet`1<Apis.Models.Rating> Apis.Data.BookStoreContext::get_Ratings()
DA:18,0
FN:9,System.Void Apis.Data.BookStoreContext::.ctor(Microsoft.EntityFrameworkCore.DbContextOptions`1<Apis.Data.BookStoreContext>)
FNDA:0,System.Void Apis.Data.BookStoreContext::.ctor(Microsoft.EntityFrameworkCore.DbContextOptions`1<Apis.Data.BookStoreContext>)
DA:10,0
DA:11,0
DA:12,0
LF:8
LH:0
BRF:0
BRH:0
FNF:6
FNH:0
end_of_record
SF:e:\NashTech Training\Rookie-Assignment1\Apis\Controllers\AdminController.cs
FN:20,System.Void Apis.Controllers.AdminController::.ctor(Apis.Data.BookStoreContext,Microsoft.AspNetCore.Identity.UserManager`1<Apis.Models.User>,Microsoft.AspNetCore.Identity.SignInManager`1<Apis.Models.User>,Microsoft.AspNetCore.Identity.RoleManager`1<Microsoft.AspNetCore.Identity.IdentityRole>,AutoMapper.IMapper)
FNDA:0,System.Void Apis.Controllers.AdminController::.ctor(Apis.Data.BookStoreContext,Microsoft.AspNetCore.Identity.UserManager`1<Apis.Models.User>,Microsoft.AspNetCore.Identity.SignInManager`1<Apis.Models.User>,Microsoft.AspNetCore.Identity.RoleManager`1<Microsoft.AspNetCore.Identity.IdentityRole>,AutoMapper.IMapper)
DA:21,0
DA:22,0
DA:23,0
DA:24,0
DA:25,0
DA:26,0
DA:27,0
DA:28,0
DA:29,0
DA:30,0
DA:31,0
DA:32,0
DA:33,0
FN:58,System.Void Apis.Controllers.AdminController/<AddRole>d__7::MoveNext()
FNDA:0,System.Void Apis.Controllers.AdminController/<AddRole>d__7::MoveNext()
DA:59,0
DA:60,0
DA:61,0
DA:62,0
DA:64,0
DA:65,0
BRDA:61,171,0,0
BRDA:61,171,1,0
FN:68,System.Void Apis.Controllers.AdminController/<GetAllUsers>d__8::MoveNext()
FNDA:0,System.Void Apis.Controllers.AdminController/<GetAllUsers>d__8::MoveNext()
DA:69,0
DA:70,0
DA:71,0
DA:72,0
FN:36,System.Void Apis.Controllers.AdminController/<Login>d__6::MoveNext()
FNDA:0,System.Void Apis.Controllers.AdminController/<Login>d__6::MoveNext()
DA:37,0
DA:38,0
DA:39,0
DA:41,0
DA:42,0
DA:54,0
DA:55,0
BRDA:41,187,0,0
BRDA:41,187,1,0
FN:75,System.Void Apis.Controllers.AdminController/<Logout>d__9::MoveNext()
FNDA:0,System.Void Apis.Controllers.AdminController/<Logout>d__9::MoveNext()
DA:76,0
DA:77,0
DA:78,0
DA:79,0
LF:34
LH:0
BRF:4
BRH:0
FNF:5
FNH:0
end_of_record
SF:e:\NashTech Training\Rookie-Assignment1\Apis\Controllers\CategoryController.cs
FN:102,System.Boolean Apis.Controllers.CategoryController::CategoryExists(System.Int32)
FNDA:0,System.Boolean Apis.Controllers.CategoryController::CategoryExists(System.Int32)
DA:103,0
DA:104,0
DA:105,0
FN:16,System.Void Apis.Controllers.CategoryController::.ctor(Apis.Interface.ICategoryRepository,AutoMapper.IMapper)
FNDA:0,System.Void Apis.Controllers.CategoryController::.ctor(Apis.Interface.ICategoryRepository,AutoMapper.IMapper)
DA:17,0
DA:18,0
DA:19,0
DA:20,0
DA:21,0
FN:45,System.Void Apis.Controllers.CategoryController/<Create>d__5::MoveNext()
FNDA:0,System.Void Apis.Controllers.CategoryController/<Create>d__5::MoveNext()
DA:46,0
DA:47,0
DA:48,0
DA:49,0
DA:50,0
DA:51,0
DA:53,0
DA:54,0
DA:56,0
DA:57,0
DA:58,0
DA:59,0
DA:60,0
FN:90,System.Void Apis.Controllers.CategoryController/<Delete>d__7::MoveNext()
FNDA:0,System.Void Apis.Controllers.CategoryController/<Delete>d__7::MoveNext()
DA:91,0
DA:92,0
DA:94,0
DA:96,0
DA:97,0
DA:99,0
DA:100,0
BRDA:94,175,0,0
BRDA:94,175,1,0
FN:34,System.Void Apis.Controllers.CategoryController/<Get>d__4::MoveNext()
FNDA:0,System.Void Apis.Controllers.CategoryController/<Get>d__4::MoveNext()
DA:35,0
DA:36,0
DA:38,0
DA:39,0
DA:41,0
DA:42,0
BRDA:38,164,0,0
BRDA:38,164,1,0
FN:24,System.Void Apis.Controllers.CategoryController/<GetAll>d__3::MoveNext()
FNDA:0,System.Void Apis.Controllers.CategoryController/<GetAll>d__3::MoveNext()
DA:25,0
DA:26,0
DA:27,0
DA:28,0
DA:29,0
DA:30,0
DA:31,0
BRDA:27,158,0,0
BRDA:27,158,1,0
FN:63,System.Void Apis.Controllers.CategoryController/<Update>d__6::MoveNext()
FNDA:0,System.Void Apis.Controllers.CategoryController/<Update>d__6::MoveNext()
DA:64,0
DA:65,0
DA:66,0
DA:67,0
DA:70,0
DA:72,0
DA:74,0
DA:75,0
DA:78,0
DA:79,0
DA:80,0
DA:81,0
DA:82,0
DA:83,0
DA:86,0
DA:87,0
BRDA:65,50,0,0
BRDA:65,50,1,0
BRDA:72,220,0,0
BRDA:72,220,1,0
LF:57
LH:0
BRF:10
BRH:0
FNF:7
FNH:0
end_of_record
SF:e:\NashTech Training\Rookie-Assignment1\Apis\Controllers\OrderController.cs
FN:54,SharedViewModels.OrderLineDTO Apis.Controllers.OrderController::OrderLineDTO(Apis.Models.OrderLine)
FNDA:0,SharedViewModels.OrderLineDTO Apis.Controllers.OrderController::OrderLineDTO(Apis.Models.OrderLine)
DA:55,0
DA:56,0
DA:57,0
DA:58,0
DA:59,0
DA:60,0
DA:61,0
FN:24,System.Void Apis.Controllers.OrderController::.ctor(Apis.Data.BookStoreContext,Microsoft.AspNetCore.Identity.UserManager`1<Apis.Models.User>,Microsoft.AspNetCore.Identity.SignInManager`1<Apis.Models.User>,Microsoft.Extensions.Configuration.IConfiguration,AutoMapper.IMapper)
FNDA:0,System.Void Apis.Controllers.OrderController::.ctor(Apis.Data.BookStoreContext,Microsoft.AspNetCore.Identity.UserManager`1<Apis.Models.User>,Microsoft.AspNetCore.Identity.SignInManager`1<Apis.Models.User>,Microsoft.Extensions.Configuration.IConfiguration,AutoMapper.IMapper)
DA:25,0
DA:26,0
DA:27,0
DA:28,0
DA:29,0
DA:30,0
DA:31,0
DA:32,0
FN:35,System.Void Apis.Controllers.OrderController/<Get>d__6::MoveNext()
FNDA:0,System.Void Apis.Controllers.OrderController/<Get>d__6::MoveNext()
DA:36,0
DA:37,0
DA:38,0
DA:39,0
DA:40,0
DA:41,0
FN:44,System.Void Apis.Controllers.OrderController/<GetCart>d__7::MoveNext()
FNDA:0,System.Void Apis.Controllers.OrderController/<GetCart>d__7::MoveNext()
DA:45,0
DA:46,0
DA:47,0
DA:48,0
DA:49,0
DA:50,0
DA:51,0
DA:52,0
LF:29
LH:0
BRF:0
BRH:0
FNF:4
FNH:0
end_of_record
SF:e:\NashTech Training\Rookie-Assignment1\Apis\Controllers\ProductController.cs
FN:25,Microsoft.AspNetCore.Mvc.ActionResult`1<System.Collections.Generic.IEnumerable`1<SharedViewModels.ProductDTO>> Apis.Controllers.ProductController::GetProducts(Apis.Models.ProductParameters)
FNDA:0,Microsoft.AspNetCore.Mvc.ActionResult`1<System.Collections.Generic.IEnumerable`1<SharedViewModels.ProductDTO>> Apis.Controllers.ProductController::GetProducts(Apis.Models.ProductParameters)
DA:26,0
DA:27,0
DA:28,0
DA:29,0
FN:17,System.Void Apis.Controllers.ProductController::.ctor(Apis.Interface.IProductRepository,AutoMapper.IMapper)
FNDA:0,System.Void Apis.Controllers.ProductController::.ctor(Apis.Interface.IProductRepository,AutoMapper.IMapper)
DA:18,0
DA:19,0
DA:20,0
DA:21,0
DA:22,0
LF:9
LH:0
BRF:0
BRH:0
FNF:2
FNH:0
end_of_record
SF:e:\NashTech Training\Rookie-Assignment1\Apis\Controllers\RatingController.cs
FN:35,SharedViewModels.RatingDTO Apis.Controllers.RatingController::RatingDTO(Apis.Models.Rating)
FNDA:0,SharedViewModels.RatingDTO Apis.Controllers.RatingController::RatingDTO(Apis.Models.Rating)
DA:36,0
DA:37,0
DA:38,0
DA:39,0
DA:40,0
DA:41,0
DA:42,0
FN:16,System.Void Apis.Controllers.RatingController::.ctor(Apis.Data.BookStoreContext,AutoMapper.IMapper)
FNDA:0,System.Void Apis.Controllers.RatingController::.ctor(Apis.Data.BookStoreContext,AutoMapper.IMapper)
DA:17,0
DA:18,0
DA:19,0
DA:20,0
DA:21,0
FN:24,System.Void Apis.Controllers.RatingController/<GetAll>d__3::MoveNext()
FNDA:0,System.Void Apis.Controllers.RatingController/<GetAll>d__3::MoveNext()
DA:25,0
DA:26,0
DA:27,0
DA:28,0
DA:29,0
DA:30,0
DA:31,0
DA:32,0
DA:33,0
LF:21
LH:0
BRF:0
BRH:0
FNF:3
FNH:0
end_of_record
SF:e:\NashTech Training\Rookie-Assignment1\Apis\Controllers\UserController.cs
FN:196,SharedViewModels.OrderDTO Apis.Controllers.UserController::OrderDTO(Apis.Models.Order)
FNDA:0,SharedViewModels.OrderDTO Apis.Controllers.UserController::OrderDTO(Apis.Models.Order)
DA:197,0
DA:198,0
DA:199,0
DA:200,0
DA:201,0
DA:202,0
DA:203,0
FN:205,SharedViewModels.CartItemDTO Apis.Controllers.UserController::CartItemDTO(Apis.Models.OrderLine)
FNDA:0,SharedViewModels.CartItemDTO Apis.Controllers.UserController::CartItemDTO(Apis.Models.OrderLine)
DA:206,0
DA:207,0
DA:208,0
DA:209,0
DA:210,0
FN:212,System.IdentityModel.Tokens.Jwt.JwtSecurityToken Apis.Controllers.UserController::CreateToken(System.Collections.Generic.List`1<System.Security.Claims.Claim>)
FNDA:0,System.IdentityModel.Tokens.Jwt.JwtSecurityToken Apis.Controllers.UserController::CreateToken(System.Collections.Generic.List`1<System.Security.Claims.Claim>)
DA:213,0
DA:214,0
DA:216,0
DA:217,0
DA:218,0
DA:219,0
DA:220,0
DA:221,0
DA:223,0
DA:224,0
FN:24,System.Void Apis.Controllers.UserController::.ctor(Apis.Data.BookStoreContext,Microsoft.AspNetCore.Identity.UserManager`1<Apis.Models.User>,Microsoft.AspNetCore.Identity.SignInManager`1<Apis.Models.User>,Microsoft.Extensions.Configuration.IConfiguration,AutoMapper.IMapper)
FNDA:0,System.Void Apis.Controllers.UserController::.ctor(Apis.Data.BookStoreContext,Microsoft.AspNetCore.Identity.UserManager`1<Apis.Models.User>,Microsoft.AspNetCore.Identity.SignInManager`1<Apis.Models.User>,Microsoft.Extensions.Configuration.IConfiguration,AutoMapper.IMapper)
DA:25,0
DA:26,0
DA:27,0
DA:28,0
DA:29,0
DA:30,0
DA:31,0
DA:32,0
FN:65,System.Void Apis.Controllers.UserController/<Login>d__7::MoveNext()
FNDA:0,System.Void Apis.Controllers.UserController/<Login>d__7::MoveNext()
DA:66,0
DA:67,0
DA:68,0
DA:70,0
DA:71,0
DA:72,0
DA:73,0
DA:75,0
DA:76,0
DA:77,0
DA:78,0
DA:79,0
DA:80,0
DA:81,0
DA:82,0
DA:83,0
DA:84,0
DA:85,0
DA:87,0
DA:89,0
DA:90,0
DA:91,0
DA:92,0
DA:93,0
DA:94,0
DA:97,0
DA:98,0
DA:100,0
BRDA:70,209,0,0
BRDA:82,743,1,0
BRDA:82,743,0,0
BRDA:70,209,1,0
FN:190,System.Void Apis.Controllers.UserController/<Logout>d__11::MoveNext()
FNDA:0,System.Void Apis.Controllers.UserController/<Logout>d__11::MoveNext()
DA:191,0
DA:192,0
DA:193,0
DA:194,0
FN:153,System.Void Apis.Controllers.UserController/<Order>d__10::MoveNext()
FNDA:0,System.Void Apis.Controllers.UserController/<Order>d__10::MoveNext()
DA:154,0
DA:155,0
DA:156,0
DA:158,0
DA:159,0
DA:161,0
DA:162,0
DA:163,0
DA:164,0
DA:165,0
DA:166,0
DA:167,0
DA:168,0
DA:169,0
DA:170,0
DA:171,0
DA:172,0
DA:174,0
DA:175,0
DA:176,0
DA:177,0
DA:178,0
DA:179,0
DA:180,0
DA:181,0
DA:183,0
DA:184,0
DA:186,0
DA:187,0
BRDA:158,240,0,0
BRDA:158,240,1,0
BRDA:162,645,1,0
BRDA:165,523,0,0
BRDA:165,523,1,0
BRDA:162,645,0,0
FN:141,System.Void Apis.Controllers.UserController/<OrderHistory>d__9::MoveNext()
FNDA:0,System.Void Apis.Controllers.UserController/<OrderHistory>d__9::MoveNext()
DA:142,0
DA:143,0
DA:144,0
DA:145,0
DA:146,0
DA:147,0
DA:148,0
DA:149,0
FN:35,System.Void Apis.Controllers.UserController/<Register>d__6::MoveNext()
FNDA:0,System.Void Apis.Controllers.UserController/<Register>d__6::MoveNext()
DA:36,0
DA:37,0
DA:38,0
DA:39,0
DA:40,0
DA:41,0
DA:42,0
DA:43,0
DA:44,0
DA:45,0
DA:46,0
DA:47,0
DA:48,0
DA:49,0
DA:50,0
DA:51,0
DA:54,0
DA:55,0
DA:59,0
DA:60,0
DA:62,0
BRDA:37,47,0,0
BRDA:48,317,0,0
BRDA:48,317,1,0
BRDA:37,47,1,0
FN:104,System.Void Apis.Controllers.UserController/<WriteReview>d__8::MoveNext()
FNDA:0,System.Void Apis.Controllers.UserController/<WriteReview>d__8::MoveNext()
DA:105,0
DA:106,0
DA:107,0
DA:109,0
DA:111,0
DA:112,0
DA:113,0
DA:116,0
DA:117,0
DA:119,0
DA:120,0
DA:122,0
DA:123,0
DA:124,0
DA:125,0
DA:126,0
DA:127,0
DA:128,0
DA:129,0
DA:130,0
DA:131,0
DA:133,0
DA:134,0
DA:136,0
DA:137,0
BRDA:106,74,0,0
BRDA:106,74,1,0
BRDA:106,100,0,0
BRDA:106,100,1,0
BRDA:111,312,0,0
BRDA:111,312,1,0
BRDA:119,530,0,0
BRDA:119,530,1,0
LF:145
LH:0
BRF:22
BRH:0
FNF:10
FNH:0
end_of_record
SF:e:\NashTech Training\Rookie-Assignment1\SharedViewModels\CartItemDTO.cs
FN:4,System.Int32 SharedViewModels.CartItemDTO::get_ProductId()
FNDA:0,System.Int32 SharedViewModels.CartItemDTO::get_ProductId()
DA:5,0
FN:5,System.Int32 SharedViewModels.CartItemDTO::get_Quantity()
FNDA:0,System.Int32 SharedViewModels.CartItemDTO::get_Quantity()
DA:6,0
LF:2
LH:0
BRF:0
BRH:0
FNF:2
FNH:0
end_of_record
SF:e:\NashTech Training\Rookie-Assignment1\SharedViewModels\CategoryDTO.cs
FN:6,System.Int32 SharedViewModels.CategoryDTO::get_Id()
FNDA:0,System.Int32 SharedViewModels.CategoryDTO::get_Id()
DA:7,0
FN:8,System.String SharedViewModels.CategoryDTO::get_Name()
FNDA:0,System.String SharedViewModels.CategoryDTO::get_Name()
DA:9,0
FN:9,System.String SharedViewModels.CategoryDTO::get_Description()
FNDA:0,System.String SharedViewModels.CategoryDTO::get_Description()
DA:10,0
LF:3
LH:0
BRF:0
BRH:0
FNF:3
FNH:0
end_of_record
SF:e:\NashTech Training\Rookie-Assignment1\SharedViewModels\LoginFormDTO.cs
FN:7,System.String SharedViewModels.LoginFormDTO::get_Username()
FNDA:0,System.String SharedViewModels.LoginFormDTO::get_Username()
DA:8,0
FN:9,System.String SharedViewModels.LoginFormDTO::get_Password()
FNDA:0,System.String SharedViewModels.LoginFormDTO::get_Password()
DA:10,0
LF:2
LH:0
BRF:0
BRH:0
FNF:2
FNH:0
end_of_record
SF:e:\NashTech Training\Rookie-Assignment1\SharedViewModels\OrderDTO.cs
FN:6,System.Int32 SharedViewModels.OrderDTO::get_Id()
FNDA:0,System.Int32 SharedViewModels.OrderDTO::get_Id()
DA:7,0
FN:8,System.String SharedViewModels.OrderDTO::get_UserId()
FNDA:0,System.String SharedViewModels.OrderDTO::get_UserId()
DA:9,0
FN:10,System.String SharedViewModels.OrderDTO::get_Address()
FNDA:0,System.String SharedViewModels.OrderDTO::get_Address()
DA:11,0
FN:11,System.String SharedViewModels.OrderDTO::get_PhoneNumber()
FNDA:0,System.String SharedViewModels.OrderDTO::get_PhoneNumber()
DA:12,0
FN:12,System.String SharedViewModels.OrderDTO::get_Message()
FNDA:0,System.String SharedViewModels.OrderDTO::get_Message()
DA:13,0
FN:13,System.DateTime SharedViewModels.OrderDTO::get_Time()
FNDA:0,System.DateTime SharedViewModels.OrderDTO::get_Time()
DA:14,0
FN:14,System.Collections.Generic.List`1<SharedViewModels.CartItemDTO> SharedViewModels.OrderDTO::get_Cart()
FNDA:0,System.Collections.Generic.List`1<SharedViewModels.CartItemDTO> SharedViewModels.OrderDTO::get_Cart()
DA:15,0
LF:7
LH:0
BRF:0
BRH:0
FNF:7
FNH:0
end_of_record
SF:e:\NashTech Training\Rookie-Assignment1\SharedViewModels\OrderLineDTO.cs
FN:4,System.String SharedViewModels.OrderLineDTO::get_ProductName()
FNDA:0,System.String SharedViewModels.OrderLineDTO::get_ProductName()
DA:5,0
FN:5,System.String SharedViewModels.OrderLineDTO::get_Image()
FNDA:0,System.String SharedViewModels.OrderLineDTO::get_Image()
DA:6,0
FN:6,System.Int32 SharedViewModels.OrderLineDTO::get_Quantity()
FNDA:0,System.Int32 SharedViewModels.OrderLineDTO::get_Quantity()
DA:7,0
FN:7,System.Decimal SharedViewModels.OrderLineDTO::get_Price()
FNDA:0,System.Decimal SharedViewModels.OrderLineDTO::get_Price()
DA:8,0
LF:4
LH:0
BRF:0
BRH:0
FNF:4
FNH:0
end_of_record
SF:e:\NashTech Training\Rookie-Assignment1\SharedViewModels\ProductDTO.cs
FN:7,System.Int32 SharedViewModels.ProductDTO::get_Id()
FNDA:0,System.Int32 SharedViewModels.ProductDTO::get_Id()
DA:8,0
FN:10,System.String SharedViewModels.ProductDTO::get_Name()
FNDA:0,System.String SharedViewModels.ProductDTO::get_Name()
DA:11,0
FN:12,System.String SharedViewModels.ProductDTO::get_Description()
FNDA:0,System.String SharedViewModels.ProductDTO::get_Description()
DA:13,0
FN:14,System.String SharedViewModels.ProductDTO::get_Image()
FNDA:0,System.String SharedViewModels.ProductDTO::get_Image()
DA:15,0
FN:16,System.String SharedViewModels.ProductDTO::get_Author()
FNDA:0,System.String SharedViewModels.ProductDTO::get_Author()
DA:17,0
FN:17,System.Decimal SharedViewModels.ProductDTO::get_AverageRating()
FNDA:0,System.Decimal SharedViewModels.ProductDTO::get_AverageRating()
DA:18,0
FN:20,System.Decimal SharedViewModels.ProductDTO::get_Price()
FNDA:0,System.Decimal SharedViewModels.ProductDTO::get_Price()
DA:21,0
FN:22,System.Int32 SharedViewModels.ProductDTO::get_Quantity()
FNDA:0,System.Int32 SharedViewModels.ProductDTO::get_Quantity()
DA:23,0
FN:25,System.DateTime SharedViewModels.ProductDTO::get_CreatedDate()
FNDA:0,System.DateTime SharedViewModels.ProductDTO::get_CreatedDate()
DA:26,0
FN:28,System.DateTime SharedViewModels.ProductDTO::get_UpdatedDate()
FNDA:0,System.DateTime SharedViewModels.ProductDTO::get_UpdatedDate()
DA:29,0
FN:30,System.String SharedViewModels.ProductDTO::get_CategoryId()
FNDA:0,System.String SharedViewModels.ProductDTO::get_CategoryId()
DA:31,0
FN:31,System.String SharedViewModels.ProductDTO::get_CategoryName()
FNDA:0,System.String SharedViewModels.ProductDTO::get_CategoryName()
DA:32,0
LF:12
LH:0
BRF:0
BRH:0
FNF:12
FNH:0
end_of_record
SF:e:\NashTech Training\Rookie-Assignment1\SharedViewModels\RatingDTO.cs
FN:8,System.Int32 SharedViewModels.RatingDTO::get_Star()
FNDA:0,System.Int32 SharedViewModels.RatingDTO::get_Star()
DA:9,0
FN:10,System.String SharedViewModels.RatingDTO::get_Comment()
FNDA:0,System.String SharedViewModels.RatingDTO::get_Comment()
DA:11,0
FN:11,System.String SharedViewModels.RatingDTO::get_Reviewer()
FNDA:0,System.String SharedViewModels.RatingDTO::get_Reviewer()
DA:12,0
FN:13,System.DateTime SharedViewModels.RatingDTO::get_UpdatedDate()
FNDA:0,System.DateTime SharedViewModels.RatingDTO::get_UpdatedDate()
DA:14,0
LF:4
LH:0
BRF:0
BRH:0
FNF:4
FNH:0
end_of_record
SF:e:\NashTech Training\Rookie-Assignment1\SharedViewModels\RegisterFormDTO.cs
FN:7,System.String SharedViewModels.RegisterFormDTO::get_Name()
FNDA:0,System.String SharedViewModels.RegisterFormDTO::get_Name()
DA:8,0
FN:9,System.String SharedViewModels.RegisterFormDTO::get_UserName()
FNDA:0,System.String SharedViewModels.RegisterFormDTO::get_UserName()
DA:10,0
FN:11,System.String SharedViewModels.RegisterFormDTO::get_Password()
FNDA:0,System.String SharedViewModels.RegisterFormDTO::get_Password()
DA:12,0
FN:13,System.String SharedViewModels.RegisterFormDTO::get_ConfirmPassword()
FNDA:0,System.String SharedViewModels.RegisterFormDTO::get_ConfirmPassword()
DA:14,0
FN:15,System.String SharedViewModels.RegisterFormDTO::get_Email()
FNDA:0,System.String SharedViewModels.RegisterFormDTO::get_Email()
DA:16,0
FN:17,System.String SharedViewModels.RegisterFormDTO::get_Address()
FNDA:0,System.String SharedViewModels.RegisterFormDTO::get_Address()
DA:18,0
FN:19,System.String SharedViewModels.RegisterFormDTO::get_PhoneNumber()
FNDA:0,System.String SharedViewModels.RegisterFormDTO::get_PhoneNumber()
DA:20,0
LF:7
LH:0
BRF:0
BRH:0
FNF:7
FNH:0
end_of_record
SF:e:\NashTech Training\Rookie-Assignment1\SharedViewModels\ReviewFormDTO.cs
FN:7,System.String SharedViewModels.ReviewFormDTO::get_UserId()
FNDA:0,System.String SharedViewModels.ReviewFormDTO::get_UserId()
DA:8,0
FN:9,System.Int32 SharedViewModels.ReviewFormDTO::get_ProductId()
FNDA:0,System.Int32 SharedViewModels.ReviewFormDTO::get_ProductId()
DA:10,0
FN:11,System.Int32 SharedViewModels.ReviewFormDTO::get_Star()
FNDA:0,System.Int32 SharedViewModels.ReviewFormDTO::get_Star()
DA:12,0
FN:12,System.String SharedViewModels.ReviewFormDTO::get_Comment()
FNDA:0,System.String SharedViewModels.ReviewFormDTO::get_Comment()
DA:13,0
LF:4
LH:0
BRF:0
BRH:0
FNF:4
FNH:0
end_of_record
SF:e:\NashTech Training\Rookie-Assignment1\SharedViewModels\UserDTO.cs
FN:6,System.String SharedViewModels.UserDTO::get_Id()
FNDA:0,System.String SharedViewModels.UserDTO::get_Id()
DA:7,0
FN:7,System.String SharedViewModels.UserDTO::get_Name()
FNDA:0,System.String SharedViewModels.UserDTO::get_Name()
DA:8,0
FN:8,System.String SharedViewModels.UserDTO::get_Email()
FNDA:0,System.String SharedViewModels.UserDTO::get_Email()
DA:9,0
FN:9,System.String SharedViewModels.UserDTO::get_PhoneNumber()
FNDA:0,System.String SharedViewModels.UserDTO::get_PhoneNumber()
DA:10,0
FN:10,System.String SharedViewModels.UserDTO::get_Address()
FNDA:0,System.String SharedViewModels.UserDTO::get_Address()
DA:11,0
FN:11,System.String SharedViewModels.UserDTO::get_UserName()
FNDA:0,System.String SharedViewModels.UserDTO::get_UserName()
DA:12,0
LF:6
LH:0
BRF:0
BRH:0
FNF:6
FNH:0
end_of_record